<html>
<head>
<title>TestNG:  MobileWebCollectionTest</title>
<link href="../testng.css" rel="stylesheet" type="text/css" />
<link href="../my-testng.css" rel="stylesheet" type="text/css" />

<style type="text/css">
.log { display: none;} 
.stack-trace { display: none;} 
</style>
<script type="text/javascript">
<!--
function flip(e) {
  current = e.style.display;
  if (current == 'block') {
    e.style.display = 'none';
    return 0;
  }
  else {
    e.style.display = 'block';
    return 1;
  }
}

function toggleBox(szDivId, elem, msg1, msg2)
{
  var res = -1;  if (document.getElementById) {
    res = flip(document.getElementById(szDivId));
  }
  else if (document.all) {
    // this is the way old msie versions work
    res = flip(document.all[szDivId]);
  }
  if(elem) {
    if(res == 0) elem.innerHTML = msg1; else elem.innerHTML = msg2;
  }

}

function toggleAllBoxes() {
  if (document.getElementsByTagName) {
    d = document.getElementsByTagName('div');
    for (i = 0; i < d.length; i++) {
      if (d[i].className == 'log') {
        flip(d[i]);
      }
    }
  }
}

// -->
</script>

</head>
<body>
<h2 align='center'>MobileWebCollectionTest</h2><table border='1' align="center">
<tr>
<td>Tests passed/Failed/Skipped:</td><td>0/10/0</td>
</tr><tr>
<td>Started on:</td><td>Tue Apr 19 15:49:13 MDT 2011</td>
</tr>
<tr><td>Total time:</td><td>2 seconds (2998 ms)</td>
</tr><tr>
<td>Included groups:</td><td>groupMobileWebCollections </td>
</tr><tr>
<td>Excluded groups:</td><td></td>
</tr>
</table><p/>
<small><i>(Hover the method name to see the test class name)</i></small><p/>
<table width='100%' border='1' class='invocation-failed'>
<tr><td colspan='3' align='center'><b>FAILED TESTS</b></td></tr>
<tr><td><b>Test method</b></td>
<td width="10%"><b>Time (seconds)</b></td>
<td width="30%"><b>Exception</b></td>
</tr>
<tr>
<td title='com.aol.functest.mobileweb.test.MobileWebCollectionTest.TC_testAddItem()'>TC_testAddItem</td>
<td>0</td>
<td><div><pre>java.lang.AssertionError: expected:&lt;200&gt; but was:&lt;302&gt;
	at com.aol.functest.mobileweb.test.MobileWebCollectionTest.addTestCollection(MobileWebCollectionTest.java:671)
	at com.aol.functest.mobileweb.test.MobileWebCollectionTest.TC_testAddItem(MobileWebCollectionTest.java:529)
... Removed 27 stack frames</pre></div><a href='#' onClick='toggleBox("stack-trace1932028688", this, "Click to show all stack frames", "Click to hide stack frames")'>Click to show all stack frames</a>
<div class='stack-trace' id='stack-trace1932028688'><pre>java.lang.AssertionError: expected:&lt;200&gt; but was:&lt;302&gt;
	at org.testng.AssertJUnit.fail(AssertJUnit.java:55)
	at org.testng.AssertJUnit.failNotEquals(AssertJUnit.java:360)
	at org.testng.AssertJUnit.assertEquals(AssertJUnit.java:76)
	at org.testng.AssertJUnit.assertEquals(AssertJUnit.java:241)
	at org.testng.AssertJUnit.assertEquals(AssertJUnit.java:248)
	at com.aol.functest.mobileweb.test.MobileWebCollectionTest.addTestCollection(MobileWebCollectionTest.java:671)
	at com.aol.functest.mobileweb.test.MobileWebCollectionTest.TC_testAddItem(MobileWebCollectionTest.java:529)
	at sun.reflect.NativeMethodAccessorImpl.invoke0(Native Method)
	at sun.reflect.NativeMethodAccessorImpl.invoke(NativeMethodAccessorImpl.java:39)
	at sun.reflect.DelegatingMethodAccessorImpl.invoke(DelegatingMethodAccessorImpl.java:25)
	at java.lang.reflect.Method.invoke(Method.java:597)
	at org.testng.internal.MethodHelper.invokeMethod(MethodHelper.java:580)
	at org.testng.internal.Invoker.invokeMethod(Invoker.java:478)
	at org.testng.internal.Invoker.invokeTestMethod(Invoker.java:617)
	at org.testng.internal.Invoker.invokeTestMethods(Invoker.java:885)
	at org.testng.internal.TestMethodWorker.invokeTestMethods(TestMethodWorker.java:126)
	at org.testng.internal.TestMethodWorker.run(TestMethodWorker.java:110)
	at org.testng.TestRunner.runWorkers(TestRunner.java:712)
	at org.testng.TestRunner.privateRun(TestRunner.java:582)
	at org.testng.TestRunner.run(TestRunner.java:477)
	at org.testng.SuiteRunner.runTest(SuiteRunner.java:324)
	at org.testng.SuiteRunner.runSequentially(SuiteRunner.java:319)
	at org.testng.SuiteRunner.privateRun(SuiteRunner.java:292)
	at org.testng.SuiteRunner.run(SuiteRunner.java:198)
	at org.testng.TestNG.createAndRunSuiteRunners(TestNG.java:823)
	at org.testng.TestNG.runSuitesLocally(TestNG.java:790)
	at org.testng.TestNG.run(TestNG.java:708)
	at org.testng.TestNG.privateMain(TestNG.java:860)
	at org.testng.TestNG.main(TestNG.java:833)
</pre></div></td>
</tr>
<tr>
<td title='com.aol.functest.mobileweb.test.MobileWebCollectionTest.TC_testGetCollection_invalidCollectionId()'>TC_testGetCollection_invalidCollectionId</td>
<td>0</td>
<td><div><pre>java.lang.AssertionError: expected:&lt;200&gt; but was:&lt;302&gt;
	at com.aol.functest.mobileweb.test.MobileWebCollectionTest.TC_testGetCollection_invalidCollectionId(MobileWebCollectionTest.java:161)
... Removed 27 stack frames</pre></div><a href='#' onClick='toggleBox("stack-trace2017895774", this, "Click to show all stack frames", "Click to hide stack frames")'>Click to show all stack frames</a>
<div class='stack-trace' id='stack-trace2017895774'><pre>java.lang.AssertionError: expected:&lt;200&gt; but was:&lt;302&gt;
	at org.testng.AssertJUnit.fail(AssertJUnit.java:55)
	at org.testng.AssertJUnit.failNotEquals(AssertJUnit.java:360)
	at org.testng.AssertJUnit.assertEquals(AssertJUnit.java:76)
	at org.testng.AssertJUnit.assertEquals(AssertJUnit.java:241)
	at org.testng.AssertJUnit.assertEquals(AssertJUnit.java:248)
	at com.aol.functest.mobileweb.test.MobileWebCollectionTest.TC_testGetCollection_invalidCollectionId(MobileWebCollectionTest.java:161)
	at sun.reflect.NativeMethodAccessorImpl.invoke0(Native Method)
	at sun.reflect.NativeMethodAccessorImpl.invoke(NativeMethodAccessorImpl.java:39)
	at sun.reflect.DelegatingMethodAccessorImpl.invoke(DelegatingMethodAccessorImpl.java:25)
	at java.lang.reflect.Method.invoke(Method.java:597)
	at org.testng.internal.MethodHelper.invokeMethod(MethodHelper.java:580)
	at org.testng.internal.Invoker.invokeMethod(Invoker.java:478)
	at org.testng.internal.Invoker.invokeTestMethod(Invoker.java:617)
	at org.testng.internal.Invoker.invokeTestMethods(Invoker.java:885)
	at org.testng.internal.TestMethodWorker.invokeTestMethods(TestMethodWorker.java:126)
	at org.testng.internal.TestMethodWorker.run(TestMethodWorker.java:110)
	at org.testng.TestRunner.runWorkers(TestRunner.java:712)
	at org.testng.TestRunner.privateRun(TestRunner.java:582)
	at org.testng.TestRunner.run(TestRunner.java:477)
	at org.testng.SuiteRunner.runTest(SuiteRunner.java:324)
	at org.testng.SuiteRunner.runSequentially(SuiteRunner.java:319)
	at org.testng.SuiteRunner.privateRun(SuiteRunner.java:292)
	at org.testng.SuiteRunner.run(SuiteRunner.java:198)
	at org.testng.TestNG.createAndRunSuiteRunners(TestNG.java:823)
	at org.testng.TestNG.runSuitesLocally(TestNG.java:790)
	at org.testng.TestNG.run(TestNG.java:708)
	at org.testng.TestNG.privateMain(TestNG.java:860)
	at org.testng.TestNG.main(TestNG.java:833)
</pre></div></td>
</tr>
<tr>
<td title='com.aol.functest.mobileweb.test.MobileWebCollectionTest.TC_testGetCollection_validCollectionId()'>TC_testGetCollection_validCollectionId</td>
<td>0</td>
<td><div><pre>java.lang.AssertionError: expected:&lt;200&gt; but was:&lt;302&gt;
	at com.aol.functest.mobileweb.test.MobileWebCollectionTest.addTestCollection(MobileWebCollectionTest.java:671)
	at com.aol.functest.mobileweb.test.MobileWebCollectionTest.TC_testGetCollection_validCollectionId(MobileWebCollectionTest.java:83)
... Removed 27 stack frames</pre></div><a href='#' onClick='toggleBox("stack-trace1355252540", this, "Click to show all stack frames", "Click to hide stack frames")'>Click to show all stack frames</a>
<div class='stack-trace' id='stack-trace1355252540'><pre>java.lang.AssertionError: expected:&lt;200&gt; but was:&lt;302&gt;
	at org.testng.AssertJUnit.fail(AssertJUnit.java:55)
	at org.testng.AssertJUnit.failNotEquals(AssertJUnit.java:360)
	at org.testng.AssertJUnit.assertEquals(AssertJUnit.java:76)
	at org.testng.AssertJUnit.assertEquals(AssertJUnit.java:241)
	at org.testng.AssertJUnit.assertEquals(AssertJUnit.java:248)
	at com.aol.functest.mobileweb.test.MobileWebCollectionTest.addTestCollection(MobileWebCollectionTest.java:671)
	at com.aol.functest.mobileweb.test.MobileWebCollectionTest.TC_testGetCollection_validCollectionId(MobileWebCollectionTest.java:83)
	at sun.reflect.NativeMethodAccessorImpl.invoke0(Native Method)
	at sun.reflect.NativeMethodAccessorImpl.invoke(NativeMethodAccessorImpl.java:39)
	at sun.reflect.DelegatingMethodAccessorImpl.invoke(DelegatingMethodAccessorImpl.java:25)
	at java.lang.reflect.Method.invoke(Method.java:597)
	at org.testng.internal.MethodHelper.invokeMethod(MethodHelper.java:580)
	at org.testng.internal.Invoker.invokeMethod(Invoker.java:478)
	at org.testng.internal.Invoker.invokeTestMethod(Invoker.java:617)
	at org.testng.internal.Invoker.invokeTestMethods(Invoker.java:885)
	at org.testng.internal.TestMethodWorker.invokeTestMethods(TestMethodWorker.java:126)
	at org.testng.internal.TestMethodWorker.run(TestMethodWorker.java:110)
	at org.testng.TestRunner.runWorkers(TestRunner.java:712)
	at org.testng.TestRunner.privateRun(TestRunner.java:582)
	at org.testng.TestRunner.run(TestRunner.java:477)
	at org.testng.SuiteRunner.runTest(SuiteRunner.java:324)
	at org.testng.SuiteRunner.runSequentially(SuiteRunner.java:319)
	at org.testng.SuiteRunner.privateRun(SuiteRunner.java:292)
	at org.testng.SuiteRunner.run(SuiteRunner.java:198)
	at org.testng.TestNG.createAndRunSuiteRunners(TestNG.java:823)
	at org.testng.TestNG.runSuitesLocally(TestNG.java:790)
	at org.testng.TestNG.run(TestNG.java:708)
	at org.testng.TestNG.privateMain(TestNG.java:860)
	at org.testng.TestNG.main(TestNG.java:833)
</pre></div></td>
</tr>
<tr>
<td title='com.aol.functest.mobileweb.test.MobileWebCollectionTest.TC_testGetCollectionsForUser()'>TC_testGetCollectionsForUser</td>
<td>0</td>
<td><div><pre>java.lang.AssertionError: expected:&lt;200&gt; but was:&lt;302&gt;
	at com.aol.functest.mobileweb.test.MobileWebCollectionTest.addTestCollection(MobileWebCollectionTest.java:671)
	at com.aol.functest.mobileweb.test.MobileWebCollectionTest.TC_testGetCollectionsForUser(MobileWebCollectionTest.java:183)
... Removed 27 stack frames</pre></div><a href='#' onClick='toggleBox("stack-trace1054706169", this, "Click to show all stack frames", "Click to hide stack frames")'>Click to show all stack frames</a>
<div class='stack-trace' id='stack-trace1054706169'><pre>java.lang.AssertionError: expected:&lt;200&gt; but was:&lt;302&gt;
	at org.testng.AssertJUnit.fail(AssertJUnit.java:55)
	at org.testng.AssertJUnit.failNotEquals(AssertJUnit.java:360)
	at org.testng.AssertJUnit.assertEquals(AssertJUnit.java:76)
	at org.testng.AssertJUnit.assertEquals(AssertJUnit.java:241)
	at org.testng.AssertJUnit.assertEquals(AssertJUnit.java:248)
	at com.aol.functest.mobileweb.test.MobileWebCollectionTest.addTestCollection(MobileWebCollectionTest.java:671)
	at com.aol.functest.mobileweb.test.MobileWebCollectionTest.TC_testGetCollectionsForUser(MobileWebCollectionTest.java:183)
	at sun.reflect.NativeMethodAccessorImpl.invoke0(Native Method)
	at sun.reflect.NativeMethodAccessorImpl.invoke(NativeMethodAccessorImpl.java:39)
	at sun.reflect.DelegatingMethodAccessorImpl.invoke(DelegatingMethodAccessorImpl.java:25)
	at java.lang.reflect.Method.invoke(Method.java:597)
	at org.testng.internal.MethodHelper.invokeMethod(MethodHelper.java:580)
	at org.testng.internal.Invoker.invokeMethod(Invoker.java:478)
	at org.testng.internal.Invoker.invokeTestMethod(Invoker.java:617)
	at org.testng.internal.Invoker.invokeTestMethods(Invoker.java:885)
	at org.testng.internal.TestMethodWorker.invokeTestMethods(TestMethodWorker.java:126)
	at org.testng.internal.TestMethodWorker.run(TestMethodWorker.java:110)
	at org.testng.TestRunner.runWorkers(TestRunner.java:712)
	at org.testng.TestRunner.privateRun(TestRunner.java:582)
	at org.testng.TestRunner.run(TestRunner.java:477)
	at org.testng.SuiteRunner.runTest(SuiteRunner.java:324)
	at org.testng.SuiteRunner.runSequentially(SuiteRunner.java:319)
	at org.testng.SuiteRunner.privateRun(SuiteRunner.java:292)
	at org.testng.SuiteRunner.run(SuiteRunner.java:198)
	at org.testng.TestNG.createAndRunSuiteRunners(TestNG.java:823)
	at org.testng.TestNG.runSuitesLocally(TestNG.java:790)
	at org.testng.TestNG.run(TestNG.java:708)
	at org.testng.TestNG.privateMain(TestNG.java:860)
	at org.testng.TestNG.main(TestNG.java:833)
</pre></div></td>
</tr>
<tr>
<td title='com.aol.functest.mobileweb.test.MobileWebCollectionTest.TC_testSaveExistingCollection()'>TC_testSaveExistingCollection</td>
<td>0</td>
<td><div><pre>java.lang.AssertionError: expected:&lt;200&gt; but was:&lt;302&gt;
	at com.aol.functest.mobileweb.test.MobileWebCollectionTest.addTestCollection(MobileWebCollectionTest.java:671)
	at com.aol.functest.mobileweb.test.MobileWebCollectionTest.TC_testSaveExistingCollection(MobileWebCollectionTest.java:319)
... Removed 27 stack frames</pre></div><a href='#' onClick='toggleBox("stack-trace534000652", this, "Click to show all stack frames", "Click to hide stack frames")'>Click to show all stack frames</a>
<div class='stack-trace' id='stack-trace534000652'><pre>java.lang.AssertionError: expected:&lt;200&gt; but was:&lt;302&gt;
	at org.testng.AssertJUnit.fail(AssertJUnit.java:55)
	at org.testng.AssertJUnit.failNotEquals(AssertJUnit.java:360)
	at org.testng.AssertJUnit.assertEquals(AssertJUnit.java:76)
	at org.testng.AssertJUnit.assertEquals(AssertJUnit.java:241)
	at org.testng.AssertJUnit.assertEquals(AssertJUnit.java:248)
	at com.aol.functest.mobileweb.test.MobileWebCollectionTest.addTestCollection(MobileWebCollectionTest.java:671)
	at com.aol.functest.mobileweb.test.MobileWebCollectionTest.TC_testSaveExistingCollection(MobileWebCollectionTest.java:319)
	at sun.reflect.NativeMethodAccessorImpl.invoke0(Native Method)
	at sun.reflect.NativeMethodAccessorImpl.invoke(NativeMethodAccessorImpl.java:39)
	at sun.reflect.DelegatingMethodAccessorImpl.invoke(DelegatingMethodAccessorImpl.java:25)
	at java.lang.reflect.Method.invoke(Method.java:597)
	at org.testng.internal.MethodHelper.invokeMethod(MethodHelper.java:580)
	at org.testng.internal.Invoker.invokeMethod(Invoker.java:478)
	at org.testng.internal.Invoker.invokeTestMethod(Invoker.java:617)
	at org.testng.internal.Invoker.invokeTestMethods(Invoker.java:885)
	at org.testng.internal.TestMethodWorker.invokeTestMethods(TestMethodWorker.java:126)
	at org.testng.internal.TestMethodWorker.run(TestMethodWorker.java:110)
	at org.testng.TestRunner.runWorkers(TestRunner.java:712)
	at org.testng.TestRunner.privateRun(TestRunner.java:582)
	at org.testng.TestRunner.run(TestRunner.java:477)
	at org.testng.SuiteRunner.runTest(SuiteRunner.java:324)
	at org.testng.SuiteRunner.runSequentially(SuiteRunner.java:319)
	at org.testng.SuiteRunner.privateRun(SuiteRunner.java:292)
	at org.testng.SuiteRunner.run(SuiteRunner.java:198)
	at org.testng.TestNG.createAndRunSuiteRunners(TestNG.java:823)
	at org.testng.TestNG.runSuitesLocally(TestNG.java:790)
	at org.testng.TestNG.run(TestNG.java:708)
	at org.testng.TestNG.privateMain(TestNG.java:860)
	at org.testng.TestNG.main(TestNG.java:833)
</pre></div></td>
</tr>
<tr>
<td title='com.aol.functest.mobileweb.test.MobileWebCollectionTest.TC_testSaveNewCollection()'>TC_testSaveNewCollection</td>
<td>0</td>
<td><div><pre>java.lang.AssertionError: expected:&lt;200&gt; but was:&lt;302&gt;
	at com.aol.functest.mobileweb.test.MobileWebCollectionTest.TC_testSaveNewCollection(MobileWebCollectionTest.java:253)
... Removed 27 stack frames</pre></div><a href='#' onClick='toggleBox("stack-trace1653416576", this, "Click to show all stack frames", "Click to hide stack frames")'>Click to show all stack frames</a>
<div class='stack-trace' id='stack-trace1653416576'><pre>java.lang.AssertionError: expected:&lt;200&gt; but was:&lt;302&gt;
	at org.testng.AssertJUnit.fail(AssertJUnit.java:55)
	at org.testng.AssertJUnit.failNotEquals(AssertJUnit.java:360)
	at org.testng.AssertJUnit.assertEquals(AssertJUnit.java:76)
	at org.testng.AssertJUnit.assertEquals(AssertJUnit.java:241)
	at org.testng.AssertJUnit.assertEquals(AssertJUnit.java:248)
	at com.aol.functest.mobileweb.test.MobileWebCollectionTest.TC_testSaveNewCollection(MobileWebCollectionTest.java:253)
	at sun.reflect.NativeMethodAccessorImpl.invoke0(Native Method)
	at sun.reflect.NativeMethodAccessorImpl.invoke(NativeMethodAccessorImpl.java:39)
	at sun.reflect.DelegatingMethodAccessorImpl.invoke(DelegatingMethodAccessorImpl.java:25)
	at java.lang.reflect.Method.invoke(Method.java:597)
	at org.testng.internal.MethodHelper.invokeMethod(MethodHelper.java:580)
	at org.testng.internal.Invoker.invokeMethod(Invoker.java:478)
	at org.testng.internal.Invoker.invokeTestMethod(Invoker.java:617)
	at org.testng.internal.Invoker.invokeTestMethods(Invoker.java:885)
	at org.testng.internal.TestMethodWorker.invokeTestMethods(TestMethodWorker.java:126)
	at org.testng.internal.TestMethodWorker.run(TestMethodWorker.java:110)
	at org.testng.TestRunner.runWorkers(TestRunner.java:712)
	at org.testng.TestRunner.privateRun(TestRunner.java:582)
	at org.testng.TestRunner.run(TestRunner.java:477)
	at org.testng.SuiteRunner.runTest(SuiteRunner.java:324)
	at org.testng.SuiteRunner.runSequentially(SuiteRunner.java:319)
	at org.testng.SuiteRunner.privateRun(SuiteRunner.java:292)
	at org.testng.SuiteRunner.run(SuiteRunner.java:198)
	at org.testng.TestNG.createAndRunSuiteRunners(TestNG.java:823)
	at org.testng.TestNG.runSuitesLocally(TestNG.java:790)
	at org.testng.TestNG.run(TestNG.java:708)
	at org.testng.TestNG.privateMain(TestNG.java:860)
	at org.testng.TestNG.main(TestNG.java:833)
</pre></div></td>
</tr>
<tr>
<td title='com.aol.functest.mobileweb.test.MobileWebCollectionTest.TC_testSaveNewCollection_withBadJSONObjectParam()'>TC_testSaveNewCollection_withBadJSONObjectParam</td>
<td>0</td>
<td><div><pre>java.lang.AssertionError: expected:&lt;200&gt; but was:&lt;302&gt;
	at com.aol.functest.mobileweb.test.MobileWebCollectionTest.TC_testSaveNewCollection_withBadJSONObjectParam(MobileWebCollectionTest.java:298)
... Removed 27 stack frames</pre></div><a href='#' onClick='toggleBox("stack-trace2046274478", this, "Click to show all stack frames", "Click to hide stack frames")'>Click to show all stack frames</a>
<div class='stack-trace' id='stack-trace2046274478'><pre>java.lang.AssertionError: expected:&lt;200&gt; but was:&lt;302&gt;
	at org.testng.AssertJUnit.fail(AssertJUnit.java:55)
	at org.testng.AssertJUnit.failNotEquals(AssertJUnit.java:360)
	at org.testng.AssertJUnit.assertEquals(AssertJUnit.java:76)
	at org.testng.AssertJUnit.assertEquals(AssertJUnit.java:241)
	at org.testng.AssertJUnit.assertEquals(AssertJUnit.java:248)
	at com.aol.functest.mobileweb.test.MobileWebCollectionTest.TC_testSaveNewCollection_withBadJSONObjectParam(MobileWebCollectionTest.java:298)
	at sun.reflect.NativeMethodAccessorImpl.invoke0(Native Method)
	at sun.reflect.NativeMethodAccessorImpl.invoke(NativeMethodAccessorImpl.java:39)
	at sun.reflect.DelegatingMethodAccessorImpl.invoke(DelegatingMethodAccessorImpl.java:25)
	at java.lang.reflect.Method.invoke(Method.java:597)
	at org.testng.internal.MethodHelper.invokeMethod(MethodHelper.java:580)
	at org.testng.internal.Invoker.invokeMethod(Invoker.java:478)
	at org.testng.internal.Invoker.invokeTestMethod(Invoker.java:617)
	at org.testng.internal.Invoker.invokeTestMethods(Invoker.java:885)
	at org.testng.internal.TestMethodWorker.invokeTestMethods(TestMethodWorker.java:126)
	at org.testng.internal.TestMethodWorker.run(TestMethodWorker.java:110)
	at org.testng.TestRunner.runWorkers(TestRunner.java:712)
	at org.testng.TestRunner.privateRun(TestRunner.java:582)
	at org.testng.TestRunner.run(TestRunner.java:477)
	at org.testng.SuiteRunner.runTest(SuiteRunner.java:324)
	at org.testng.SuiteRunner.runSequentially(SuiteRunner.java:319)
	at org.testng.SuiteRunner.privateRun(SuiteRunner.java:292)
	at org.testng.SuiteRunner.run(SuiteRunner.java:198)
	at org.testng.TestNG.createAndRunSuiteRunners(TestNG.java:823)
	at org.testng.TestNG.runSuitesLocally(TestNG.java:790)
	at org.testng.TestNG.run(TestNG.java:708)
	at org.testng.TestNG.privateMain(TestNG.java:860)
	at org.testng.TestNG.main(TestNG.java:833)
</pre></div></td>
</tr>
<tr>
<td title='com.aol.functest.mobileweb.test.MobileWebCollectionTest.TC_testUpdateCollection()'>TC_testUpdateCollection</td>
<td>0</td>
<td><div><pre>java.lang.AssertionError: expected:&lt;200&gt; but was:&lt;302&gt;
	at com.aol.functest.mobileweb.test.MobileWebCollectionTest.addTestCollection(MobileWebCollectionTest.java:671)
	at com.aol.functest.mobileweb.test.MobileWebCollectionTest.TC_testUpdateCollection(MobileWebCollectionTest.java:374)
... Removed 27 stack frames</pre></div><a href='#' onClick='toggleBox("stack-trace1007740960", this, "Click to show all stack frames", "Click to hide stack frames")'>Click to show all stack frames</a>
<div class='stack-trace' id='stack-trace1007740960'><pre>java.lang.AssertionError: expected:&lt;200&gt; but was:&lt;302&gt;
	at org.testng.AssertJUnit.fail(AssertJUnit.java:55)
	at org.testng.AssertJUnit.failNotEquals(AssertJUnit.java:360)
	at org.testng.AssertJUnit.assertEquals(AssertJUnit.java:76)
	at org.testng.AssertJUnit.assertEquals(AssertJUnit.java:241)
	at org.testng.AssertJUnit.assertEquals(AssertJUnit.java:248)
	at com.aol.functest.mobileweb.test.MobileWebCollectionTest.addTestCollection(MobileWebCollectionTest.java:671)
	at com.aol.functest.mobileweb.test.MobileWebCollectionTest.TC_testUpdateCollection(MobileWebCollectionTest.java:374)
	at sun.reflect.NativeMethodAccessorImpl.invoke0(Native Method)
	at sun.reflect.NativeMethodAccessorImpl.invoke(NativeMethodAccessorImpl.java:39)
	at sun.reflect.DelegatingMethodAccessorImpl.invoke(DelegatingMethodAccessorImpl.java:25)
	at java.lang.reflect.Method.invoke(Method.java:597)
	at org.testng.internal.MethodHelper.invokeMethod(MethodHelper.java:580)
	at org.testng.internal.Invoker.invokeMethod(Invoker.java:478)
	at org.testng.internal.Invoker.invokeTestMethod(Invoker.java:617)
	at org.testng.internal.Invoker.invokeTestMethods(Invoker.java:885)
	at org.testng.internal.TestMethodWorker.invokeTestMethods(TestMethodWorker.java:126)
	at org.testng.internal.TestMethodWorker.run(TestMethodWorker.java:110)
	at org.testng.TestRunner.runWorkers(TestRunner.java:712)
	at org.testng.TestRunner.privateRun(TestRunner.java:582)
	at org.testng.TestRunner.run(TestRunner.java:477)
	at org.testng.SuiteRunner.runTest(SuiteRunner.java:324)
	at org.testng.SuiteRunner.runSequentially(SuiteRunner.java:319)
	at org.testng.SuiteRunner.privateRun(SuiteRunner.java:292)
	at org.testng.SuiteRunner.run(SuiteRunner.java:198)
	at org.testng.TestNG.createAndRunSuiteRunners(TestNG.java:823)
	at org.testng.TestNG.runSuitesLocally(TestNG.java:790)
	at org.testng.TestNG.run(TestNG.java:708)
	at org.testng.TestNG.privateMain(TestNG.java:860)
	at org.testng.TestNG.main(TestNG.java:833)
</pre></div></td>
</tr>
<tr>
<td title='com.aol.functest.mobileweb.test.MobileWebCollectionTest.TC_testUpdateCollection_withInvalidCollectionId()'>TC_testUpdateCollection_withInvalidCollectionId</td>
<td>0</td>
<td><div><pre>java.lang.AssertionError: expected:&lt;200&gt; but was:&lt;302&gt;
	at com.aol.functest.mobileweb.test.MobileWebCollectionTest.addTestCollection(MobileWebCollectionTest.java:671)
	at com.aol.functest.mobileweb.test.MobileWebCollectionTest.TC_testUpdateCollection_withInvalidCollectionId(MobileWebCollectionTest.java:430)
... Removed 27 stack frames</pre></div><a href='#' onClick='toggleBox("stack-trace614797351", this, "Click to show all stack frames", "Click to hide stack frames")'>Click to show all stack frames</a>
<div class='stack-trace' id='stack-trace614797351'><pre>java.lang.AssertionError: expected:&lt;200&gt; but was:&lt;302&gt;
	at org.testng.AssertJUnit.fail(AssertJUnit.java:55)
	at org.testng.AssertJUnit.failNotEquals(AssertJUnit.java:360)
	at org.testng.AssertJUnit.assertEquals(AssertJUnit.java:76)
	at org.testng.AssertJUnit.assertEquals(AssertJUnit.java:241)
	at org.testng.AssertJUnit.assertEquals(AssertJUnit.java:248)
	at com.aol.functest.mobileweb.test.MobileWebCollectionTest.addTestCollection(MobileWebCollectionTest.java:671)
	at com.aol.functest.mobileweb.test.MobileWebCollectionTest.TC_testUpdateCollection_withInvalidCollectionId(MobileWebCollectionTest.java:430)
	at sun.reflect.NativeMethodAccessorImpl.invoke0(Native Method)
	at sun.reflect.NativeMethodAccessorImpl.invoke(NativeMethodAccessorImpl.java:39)
	at sun.reflect.DelegatingMethodAccessorImpl.invoke(DelegatingMethodAccessorImpl.java:25)
	at java.lang.reflect.Method.invoke(Method.java:597)
	at org.testng.internal.MethodHelper.invokeMethod(MethodHelper.java:580)
	at org.testng.internal.Invoker.invokeMethod(Invoker.java:478)
	at org.testng.internal.Invoker.invokeTestMethod(Invoker.java:617)
	at org.testng.internal.Invoker.invokeTestMethods(Invoker.java:885)
	at org.testng.internal.TestMethodWorker.invokeTestMethods(TestMethodWorker.java:126)
	at org.testng.internal.TestMethodWorker.run(TestMethodWorker.java:110)
	at org.testng.TestRunner.runWorkers(TestRunner.java:712)
	at org.testng.TestRunner.privateRun(TestRunner.java:582)
	at org.testng.TestRunner.run(TestRunner.java:477)
	at org.testng.SuiteRunner.runTest(SuiteRunner.java:324)
	at org.testng.SuiteRunner.runSequentially(SuiteRunner.java:319)
	at org.testng.SuiteRunner.privateRun(SuiteRunner.java:292)
	at org.testng.SuiteRunner.run(SuiteRunner.java:198)
	at org.testng.TestNG.createAndRunSuiteRunners(TestNG.java:823)
	at org.testng.TestNG.runSuitesLocally(TestNG.java:790)
	at org.testng.TestNG.run(TestNG.java:708)
	at org.testng.TestNG.privateMain(TestNG.java:860)
	at org.testng.TestNG.main(TestNG.java:833)
</pre></div></td>
</tr>
<tr>
<td title='com.aol.functest.mobileweb.test.MobileWebCollectionTest.TC_testUpdateItem()'>TC_testUpdateItem</td>
<td>0</td>
<td><div><pre>java.lang.AssertionError: expected:&lt;200&gt; but was:&lt;302&gt;
	at com.aol.functest.mobileweb.test.MobileWebCollectionTest.addTestCollection(MobileWebCollectionTest.java:671)
	at com.aol.functest.mobileweb.test.MobileWebCollectionTest.TC_testUpdateItem(MobileWebCollectionTest.java:469)
... Removed 27 stack frames</pre></div><a href='#' onClick='toggleBox("stack-trace1712520194", this, "Click to show all stack frames", "Click to hide stack frames")'>Click to show all stack frames</a>
<div class='stack-trace' id='stack-trace1712520194'><pre>java.lang.AssertionError: expected:&lt;200&gt; but was:&lt;302&gt;
	at org.testng.AssertJUnit.fail(AssertJUnit.java:55)
	at org.testng.AssertJUnit.failNotEquals(AssertJUnit.java:360)
	at org.testng.AssertJUnit.assertEquals(AssertJUnit.java:76)
	at org.testng.AssertJUnit.assertEquals(AssertJUnit.java:241)
	at org.testng.AssertJUnit.assertEquals(AssertJUnit.java:248)
	at com.aol.functest.mobileweb.test.MobileWebCollectionTest.addTestCollection(MobileWebCollectionTest.java:671)
	at com.aol.functest.mobileweb.test.MobileWebCollectionTest.TC_testUpdateItem(MobileWebCollectionTest.java:469)
	at sun.reflect.NativeMethodAccessorImpl.invoke0(Native Method)
	at sun.reflect.NativeMethodAccessorImpl.invoke(NativeMethodAccessorImpl.java:39)
	at sun.reflect.DelegatingMethodAccessorImpl.invoke(DelegatingMethodAccessorImpl.java:25)
	at java.lang.reflect.Method.invoke(Method.java:597)
	at org.testng.internal.MethodHelper.invokeMethod(MethodHelper.java:580)
	at org.testng.internal.Invoker.invokeMethod(Invoker.java:478)
	at org.testng.internal.Invoker.invokeTestMethod(Invoker.java:617)
	at org.testng.internal.Invoker.invokeTestMethods(Invoker.java:885)
	at org.testng.internal.TestMethodWorker.invokeTestMethods(TestMethodWorker.java:126)
	at org.testng.internal.TestMethodWorker.run(TestMethodWorker.java:110)
	at org.testng.TestRunner.runWorkers(TestRunner.java:712)
	at org.testng.TestRunner.privateRun(TestRunner.java:582)
	at org.testng.TestRunner.run(TestRunner.java:477)
	at org.testng.SuiteRunner.runTest(SuiteRunner.java:324)
	at org.testng.SuiteRunner.runSequentially(SuiteRunner.java:319)
	at org.testng.SuiteRunner.privateRun(SuiteRunner.java:292)
	at org.testng.SuiteRunner.run(SuiteRunner.java:198)
	at org.testng.TestNG.createAndRunSuiteRunners(TestNG.java:823)
	at org.testng.TestNG.runSuitesLocally(TestNG.java:790)
	at org.testng.TestNG.run(TestNG.java:708)
	at org.testng.TestNG.privateMain(TestNG.java:860)
	at org.testng.TestNG.main(TestNG.java:833)
</pre></div></td>
</tr>
</table><p>
</body>
</html>