<?xml version="1.0" encoding="utf-8" ?>
<!DOCTYPE html PUBLIC "-//W3C//DTD XHTML 1.0 Strict//EN"
        "http://www.w3.org/TR/xhtml1/DTD/xhtml1-strict.dtd">
<html xmlns="http://www.w3.org/1999/xhtml" xml:lang="" lang="">
<head>
  <title>Test Results Report - MobileWebSmokeTestAdv</title>
  <meta http-equiv="Content-Type" content="text/html;charset=utf-8" />
  <meta name="description" content="TestNG unit test results." />
  <link href="reportng.css" rel="stylesheet" type="text/css" />
    <script type="text/javascript" src="reportng.js"></script>
</head>
<body>
<h1>MobileWebSmokeTestAdv</h1>
<p>
  Test duration: 1754.335s
</p>



  <table class="resultsTable">
    <tr><th colspan="3" class="header failed">Failed Tests</th></tr>
          <tr>
        <td colspan="3" class="group">com.aol.functest.mobileweb.adv.test.MobileWebTestAuthenticate</td>
      </tr>
            
<tr>
  <td class="method">
          authenticate1
      </td>
  <td class="duration">
    17.406s
  </td>
  <td class="result">
        
    
        

        <a href="javascript:toggleElement('exception-0', 'block')" title="Click to expand/collapse"><b>java.lang.AssertionError: expected:&lt;true&gt; but was:&lt;false&gt;</b></a><br />
    <div class="stackTrace" id="exception-0">
              org.testng.Assert.fail(Assert.java:84)<br />
              org.testng.Assert.failNotEquals(Assert.java:438)<br />
              org.testng.Assert.assertTrue(Assert.java:32)<br />
              org.testng.Assert.assertTrue(Assert.java:42)<br />
              com.aol.functest.mobileweb.adv.test.MobileWebTestAuthenticate.authenticate1(MobileWebTestAuthenticate.java:68)<br />
              sun.reflect.NativeMethodAccessorImpl.invoke0(Native Method)<br />
              sun.reflect.NativeMethodAccessorImpl.invoke(NativeMethodAccessorImpl.java:39)<br />
              sun.reflect.DelegatingMethodAccessorImpl.invoke(DelegatingMethodAccessorImpl.java:25)<br />
              java.lang.reflect.Method.invoke(Method.java:597)<br />
              org.testng.internal.MethodHelper.invokeMethod(MethodHelper.java:580)<br />
              org.testng.internal.Invoker.invokeMethod(Invoker.java:478)<br />
              org.testng.internal.Invoker.invokeTestMethod(Invoker.java:617)<br />
              org.testng.internal.Invoker.invokeTestMethods(Invoker.java:885)<br />
              org.testng.internal.TestMethodWorker.invokeTestMethods(TestMethodWorker.java:126)<br />
              org.testng.internal.TestMethodWorker.run(TestMethodWorker.java:110)<br />
              org.testng.TestRunner.runWorkers(TestRunner.java:712)<br />
              org.testng.TestRunner.privateRun(TestRunner.java:582)<br />
              org.testng.TestRunner.run(TestRunner.java:477)<br />
              org.testng.SuiteRunner.runTest(SuiteRunner.java:324)<br />
              org.testng.SuiteRunner.runSequentially(SuiteRunner.java:319)<br />
              org.testng.SuiteRunner.privateRun(SuiteRunner.java:292)<br />
              org.testng.SuiteRunner.run(SuiteRunner.java:198)<br />
              org.testng.TestNG.createAndRunSuiteRunners(TestNG.java:823)<br />
              org.testng.TestNG.runSuitesLocally(TestNG.java:790)<br />
              org.testng.TestNG.run(TestNG.java:708)<br />
              org.testng.TestNG.privateMain(TestNG.java:860)<br />
              org.testng.TestNG.main(TestNG.java:833)<br />
                </div>
      </td>
</tr>
          <tr>
        <td colspan="3" class="group">com.aol.functest.mobileweb.adv.test.MobileWebTestUnAuthenticate</td>
      </tr>
            
<tr>
  <td class="method">
          TC_SearchMapResultPageUIFromSearchResultGETDirectionClick_UnAuthenticate
      </td>
  <td class="duration">
    11.296s
  </td>
  <td class="result">
        
    
        

        <a href="javascript:toggleElement('exception-1', 'block')" title="Click to expand/collapse"><b>java.lang.RuntimeException: Verifying&quot;Total Travel Estimate:34 mins / 25.55 mi&quot;Verifying&quot;Total Travel Estimate:38 mins / 21.62 mi&quot;</b></a><br />
    <div class="stackTrace" id="exception-1">
              com.aol.functest.common.assertsoft.assertEmpty(assertsoft.java:35)<br />
              com.aol.functest.mobileweb.adv.test.MobileWebTest.TC_SearchMapResultPageUIFromSearchResultGETDirectionClick(MobileWebTest.java:802)<br />
              com.aol.functest.mobileweb.adv.test.MobileWebTestUnAuthenticate.TC_SearchMapResultPageUIFromSearchResultGETDirectionClick_UnAuthenticate(MobileWebTestUnAuthenticate.java:235)<br />
              sun.reflect.NativeMethodAccessorImpl.invoke0(Native Method)<br />
              sun.reflect.NativeMethodAccessorImpl.invoke(NativeMethodAccessorImpl.java:39)<br />
              sun.reflect.DelegatingMethodAccessorImpl.invoke(DelegatingMethodAccessorImpl.java:25)<br />
              java.lang.reflect.Method.invoke(Method.java:597)<br />
              org.testng.internal.MethodHelper.invokeMethod(MethodHelper.java:580)<br />
              org.testng.internal.Invoker.invokeMethod(Invoker.java:478)<br />
              org.testng.internal.Invoker.invokeTestMethod(Invoker.java:617)<br />
              org.testng.internal.Invoker.invokeTestMethods(Invoker.java:885)<br />
              org.testng.internal.TestMethodWorker.invokeTestMethods(TestMethodWorker.java:126)<br />
              org.testng.internal.TestMethodWorker.run(TestMethodWorker.java:110)<br />
              org.testng.TestRunner.runWorkers(TestRunner.java:712)<br />
              org.testng.TestRunner.privateRun(TestRunner.java:582)<br />
              org.testng.TestRunner.run(TestRunner.java:477)<br />
              org.testng.SuiteRunner.runTest(SuiteRunner.java:324)<br />
              org.testng.SuiteRunner.runSequentially(SuiteRunner.java:319)<br />
              org.testng.SuiteRunner.privateRun(SuiteRunner.java:292)<br />
              org.testng.SuiteRunner.run(SuiteRunner.java:198)<br />
              org.testng.TestNG.createAndRunSuiteRunners(TestNG.java:823)<br />
              org.testng.TestNG.runSuitesLocally(TestNG.java:790)<br />
              org.testng.TestNG.run(TestNG.java:708)<br />
              org.testng.TestNG.privateMain(TestNG.java:860)<br />
              org.testng.TestNG.main(TestNG.java:833)<br />
                </div>
      </td>
</tr>
<tr>
  <td class="method">
          TC_VerifyDirectionMapResultPageMapObject_UnAuthenticate
      </td>
  <td class="duration">
    14.744s
  </td>
  <td class="result">
        
          <i>Method arguments: </i><span class="arguments">[Ljava.lang.String;@59a02097, [Ljava.lang.String;@1fbbc779</span><br />
    
        

        <a href="javascript:toggleElement('exception-2', 'block')" title="Click to expand/collapse"><b>java.lang.RuntimeException: Comparision between /testdata/dir/act_dir_0.gif and /testdata/dir/dir_0.gif failed or file doesn&apos;t exists....Comparision between /testdata/dir/act_dir_1.gif and /testdata/dir/dir_1.gif failed or file doesn&apos;t exists....Comparision between /testdata/dir/act_dir_2.gif and /testdata/dir/dir_2.gif failed or file doesn&apos;t exists....Comparision between /testdata/dir/act_dir_3.gif and /testdata/dir/dir_3.gif failed or file doesn&apos;t exists....Comparision between /testdata/dir/act_dir_4.gif and /testdata/dir/dir_4.gif failed or file doesn&apos;t exists....Comparision between /testdata/dir/act_dir_5.gif and /testdata/dir/dir_5.gif failed or file doesn&apos;t exists....Comparision between /testdata/dir/act_dir_6.gif and /testdata/dir/dir_6.gif failed or file doesn&apos;t exists....Comparision between /testdata/dir/act_dir_7.gif and /testdata/dir/dir_7.gif failed or file doesn&apos;t exists....Comparision between /testdata/dir/act_dir_8.gif and /testdata/dir/dir_8.gif failed or file doesn&apos;t exists....Comparision between /testdata/dir/act_dir_9.gif and /testdata/dir/dir_9.gif failed or file doesn&apos;t exists....Comparision between /testdata/dir/act_dir_10.gif and /testdata/dir/dir_10.gif failed or file doesn&apos;t exists....Comparision between /testdata/dir/act_dir_11.gif and /testdata/dir/dir_11.gif failed or file doesn&apos;t exists....Comparision between /testdata/dir/act_dir_12.gif and /testdata/dir/dir_12.gif failed or file doesn&apos;t exists....Comparision between /testdata/dir/act_dir_13.gif and /testdata/dir/dir_13.gif failed or file doesn&apos;t exists....Comparision between /testdata/dir/act_dir_14.gif and /testdata/dir/dir_14.gif failed or file doesn&apos;t exists....Comparision between /testdata/dir/act_dir_15.gif and /testdata/dir/dir_15.gif failed or file doesn&apos;t exists....Comparision between /testdata/dir/act_dir_16.gif and /testdata/dir/dir_16.gif failed or file doesn&apos;t exists....Comparision between /testdata/dir/act_dir_17.gif and /testdata/dir/dir_17.gif failed or file doesn&apos;t exists....Comparision between /testdata/dir/act_dir_18.gif and /testdata/dir/dir_18.gif failed or file doesn&apos;t exists....Comparision between /testdata/dir/act_dir_19.gif and /testdata/dir/dir_19.gif failed or file doesn&apos;t exists....Comparision between /testdata/dir/act_dir_20.gif and /testdata/dir/dir_20.gif failed or file doesn&apos;t exists....Comparision between /testdata/dir/act_dir_21.gif and /testdata/dir/dir_21.gif failed or file doesn&apos;t exists....Comparision between /testdata/dir/act_dir_22.gif and /testdata/dir/dir_22.gif failed or file doesn&apos;t exists....Comparision between /testdata/dir/act_dir_23.gif and /testdata/dir/dir_23.gif failed or file doesn&apos;t exists....Comparision between /testdata/dir/act_dir_24.gif and /testdata/dir/dir_24.gif failed or file doesn&apos;t exists....Comparision between /testdata/dir/act_dir_25.gif and /testdata/dir/dir_25.gif failed or file doesn&apos;t exists....Comparision between /testdata/dir/act_dir_26.gif and /testdata/dir/dir_26.gif failed or file doesn&apos;t exists....Comparision between /testdata/dir/act_dir_27.gif and /testdata/dir/dir_27.gif failed or file doesn&apos;t exists....Comparision between /testdata/dir/act_dir_28.gif and /testdata/dir/dir_28.gif failed or file doesn&apos;t exists....Comparision between /testdata/dir/act_dir_29.gif and /testdata/dir/dir_29.gif failed or file doesn&apos;t exists....Comparision between /testdata/dir/act_dir_30.gif and /testdata/dir/dir_30.gif failed or file doesn&apos;t exists....Comparision between /testdata/dir/act_dir_31.gif and /testdata/dir/dir_31.gif failed or file doesn&apos;t exists....Comparision between /testdata/dir/act_dir_32.gif and /testdata/dir/dir_32.gif failed or file doesn&apos;t exists....Comparision between /testdata/dir/act_dir_33.gif and /testdata/dir/dir_33.gif failed or file doesn&apos;t exists....Comparision between /testdata/dir/act_dir_34.gif and /testdata/dir/dir_34.gif failed or file doesn&apos;t exists....Comparision between /testdata/dir/act_dir_35.gif and /testdata/dir/dir_35.gif failed or file doesn&apos;t exists....Comparision between /testdata/dir/act_dir_36.gif and /testdata/dir/dir_36.gif failed or file doesn&apos;t exists....Comparision between /testdata/dir/act_dir_37.gif and /testdata/dir/dir_37.gif failed or file doesn&apos;t exists....Comparision between /testdata/dir/act_dir_38.gif and /testdata/dir/dir_38.gif failed or file doesn&apos;t exists....Comparision between /testdata/dir/act_dir_39.gif and /testdata/dir/dir_39.gif failed or file doesn&apos;t exists....Comparision between /testdata/dir/act_dir_40.gif and /testdata/dir/dir_40.gif failed or file doesn&apos;t exists....Comparision between /testdata/dir/act_dir_41.gif and /testdata/dir/dir_41.gif failed or file doesn&apos;t exists....Comparision between /testdata/dir/act_dir_42.gif and /testdata/dir/dir_42.gif failed or file doesn&apos;t exists....Comparision between /testdata/dir/act_dir_43.gif and /testdata/dir/dir_43.gif failed or file doesn&apos;t exists....</b></a><br />
    <div class="stackTrace" id="exception-2">
              com.aol.functest.common.assertsoft.assertEmpty(assertsoft.java:35)<br />
              com.aol.functest.mobileweb.adv.test.MobileWebTest.TC_VerifyDirectionMapResultPageMapObject(MobileWebTest.java:238)<br />
              com.aol.functest.mobileweb.adv.test.MobileWebTestUnAuthenticate.TC_VerifyDirectionMapResultPageMapObject_UnAuthenticate(MobileWebTestUnAuthenticate.java:85)<br />
              sun.reflect.NativeMethodAccessorImpl.invoke0(Native Method)<br />
              sun.reflect.NativeMethodAccessorImpl.invoke(NativeMethodAccessorImpl.java:39)<br />
              sun.reflect.DelegatingMethodAccessorImpl.invoke(DelegatingMethodAccessorImpl.java:25)<br />
              java.lang.reflect.Method.invoke(Method.java:597)<br />
              org.testng.internal.MethodHelper.invokeMethod(MethodHelper.java:580)<br />
              org.testng.internal.Invoker.invokeMethod(Invoker.java:478)<br />
              org.testng.internal.Invoker.invokeTestMethod(Invoker.java:617)<br />
              org.testng.internal.Invoker.invokeTestMethods(Invoker.java:885)<br />
              org.testng.internal.TestMethodWorker.invokeTestMethods(TestMethodWorker.java:126)<br />
              org.testng.internal.TestMethodWorker.run(TestMethodWorker.java:110)<br />
              org.testng.TestRunner.runWorkers(TestRunner.java:712)<br />
              org.testng.TestRunner.privateRun(TestRunner.java:582)<br />
              org.testng.TestRunner.run(TestRunner.java:477)<br />
              org.testng.SuiteRunner.runTest(SuiteRunner.java:324)<br />
              org.testng.SuiteRunner.runSequentially(SuiteRunner.java:319)<br />
              org.testng.SuiteRunner.privateRun(SuiteRunner.java:292)<br />
              org.testng.SuiteRunner.run(SuiteRunner.java:198)<br />
              org.testng.TestNG.createAndRunSuiteRunners(TestNG.java:823)<br />
              org.testng.TestNG.runSuitesLocally(TestNG.java:790)<br />
              org.testng.TestNG.run(TestNG.java:708)<br />
              org.testng.TestNG.privateMain(TestNG.java:860)<br />
              org.testng.TestNG.main(TestNG.java:833)<br />
                </div>
      </td>
</tr>
<tr>
  <td class="method">
          TC_VerifyMapMapResultPageMapObject_UnAuthenticate
      </td>
  <td class="duration">
    14.586s
  </td>
  <td class="result">
        
          <i>Method arguments: </i><span class="arguments">[Ljava.lang.String;@6124e935, [Ljava.lang.String;@3e4ac866</span><br />
    
        

        <a href="javascript:toggleElement('exception-3', 'block')" title="Click to expand/collapse"><b>java.lang.RuntimeException: Comparision between /testdata/map/act_map_0.gif and /testdata/map/map_0.gif failed or file doesn&apos;t exists....Comparision between /testdata/map/act_map_1.gif and /testdata/map/map_1.gif failed or file doesn&apos;t exists....Comparision between /testdata/map/act_map_2.gif and /testdata/map/map_2.gif failed or file doesn&apos;t exists....Comparision between /testdata/map/act_map_3.gif and /testdata/map/map_3.gif failed or file doesn&apos;t exists....Comparision between /testdata/map/act_map_4.gif and /testdata/map/map_4.gif failed or file doesn&apos;t exists....Comparision between /testdata/map/act_map_5.gif and /testdata/map/map_5.gif failed or file doesn&apos;t exists....Comparision between /testdata/map/act_map_6.gif and /testdata/map/map_6.gif failed or file doesn&apos;t exists....Comparision between /testdata/map/act_map_7.gif and /testdata/map/map_7.gif failed or file doesn&apos;t exists....Comparision between /testdata/map/act_map_8.gif and /testdata/map/map_8.gif failed or file doesn&apos;t exists....Comparision between /testdata/map/act_map_9.gif and /testdata/map/map_9.gif failed or file doesn&apos;t exists....Comparision between /testdata/map/act_map_10.gif and /testdata/map/map_10.gif failed or file doesn&apos;t exists....Comparision between /testdata/map/act_map_11.gif and /testdata/map/map_11.gif failed or file doesn&apos;t exists....Comparision between /testdata/map/act_map_12.gif and /testdata/map/map_12.gif failed or file doesn&apos;t exists....Comparision between /testdata/map/act_map_13.gif and /testdata/map/map_13.gif failed or file doesn&apos;t exists....Comparision between /testdata/map/act_map_14.gif and /testdata/map/map_14.gif failed or file doesn&apos;t exists....Comparision between /testdata/map/act_map_15.gif and /testdata/map/map_15.gif failed or file doesn&apos;t exists....Comparision between /testdata/map/act_map_16.gif and /testdata/map/map_16.gif failed or file doesn&apos;t exists....Comparision between /testdata/map/act_map_17.gif and /testdata/map/map_17.gif failed or file doesn&apos;t exists....Comparision between /testdata/map/act_map_18.gif and /testdata/map/map_18.gif failed or file doesn&apos;t exists....Comparision between /testdata/map/act_map_19.gif and /testdata/map/map_19.gif failed or file doesn&apos;t exists....Comparision between /testdata/map/act_map_20.gif and /testdata/map/map_20.gif failed or file doesn&apos;t exists....Comparision between /testdata/map/act_map_21.gif and /testdata/map/map_21.gif failed or file doesn&apos;t exists....Comparision between /testdata/map/act_map_22.gif and /testdata/map/map_22.gif failed or file doesn&apos;t exists....Comparision between /testdata/map/act_map_23.gif and /testdata/map/map_23.gif failed or file doesn&apos;t exists....Comparision between /testdata/map/act_map_24.gif and /testdata/map/map_24.gif failed or file doesn&apos;t exists....Comparision between /testdata/map/act_map_25.gif and /testdata/map/map_25.gif failed or file doesn&apos;t exists....Comparision between /testdata/map/act_map_26.gif and /testdata/map/map_26.gif failed or file doesn&apos;t exists....Comparision between /testdata/map/act_map_27.gif and /testdata/map/map_27.gif failed or file doesn&apos;t exists....</b></a><br />
    <div class="stackTrace" id="exception-3">
              com.aol.functest.common.assertsoft.assertEmpty(assertsoft.java:35)<br />
              com.aol.functest.mobileweb.adv.test.MobileWebTest.TC_VerifyMapMapResultPageMapObject(MobileWebTest.java:466)<br />
              com.aol.functest.mobileweb.adv.test.MobileWebTestUnAuthenticate.TC_VerifyMapMapResultPageMapObject_UnAuthenticate(MobileWebTestUnAuthenticate.java:157)<br />
              sun.reflect.NativeMethodAccessorImpl.invoke0(Native Method)<br />
              sun.reflect.NativeMethodAccessorImpl.invoke(NativeMethodAccessorImpl.java:39)<br />
              sun.reflect.DelegatingMethodAccessorImpl.invoke(DelegatingMethodAccessorImpl.java:25)<br />
              java.lang.reflect.Method.invoke(Method.java:597)<br />
              org.testng.internal.MethodHelper.invokeMethod(MethodHelper.java:580)<br />
              org.testng.internal.Invoker.invokeMethod(Invoker.java:478)<br />
              org.testng.internal.Invoker.invokeTestMethod(Invoker.java:617)<br />
              org.testng.internal.Invoker.invokeTestMethods(Invoker.java:885)<br />
              org.testng.internal.TestMethodWorker.invokeTestMethods(TestMethodWorker.java:126)<br />
              org.testng.internal.TestMethodWorker.run(TestMethodWorker.java:110)<br />
              org.testng.TestRunner.runWorkers(TestRunner.java:712)<br />
              org.testng.TestRunner.privateRun(TestRunner.java:582)<br />
              org.testng.TestRunner.run(TestRunner.java:477)<br />
              org.testng.SuiteRunner.runTest(SuiteRunner.java:324)<br />
              org.testng.SuiteRunner.runSequentially(SuiteRunner.java:319)<br />
              org.testng.SuiteRunner.privateRun(SuiteRunner.java:292)<br />
              org.testng.SuiteRunner.run(SuiteRunner.java:198)<br />
              org.testng.TestNG.createAndRunSuiteRunners(TestNG.java:823)<br />
              org.testng.TestNG.runSuitesLocally(TestNG.java:790)<br />
              org.testng.TestNG.run(TestNG.java:708)<br />
              org.testng.TestNG.privateMain(TestNG.java:860)<br />
              org.testng.TestNG.main(TestNG.java:833)<br />
                </div>
      </td>
</tr>
<tr>
  <td class="method">
          TC_VerifyMyPlaceTextResultPageUIObject_UnAuthenticate
      </td>
  <td class="duration">
    30.611s
  </td>
  <td class="result">
        
          <i>Method arguments: </i><span class="arguments">[Ljava.lang.String;@1faac07d, [Ljava.lang.String;@3435ec9</span><br />
    
        

        <a href="javascript:toggleElement('exception-4', 'block')" title="Click to expand/collapse"><b>java.lang.RuntimeException: Verifying&quot;//div[@id=&apos;wrap_content_main&apos;]/div[@class=&apos;savedAndMyPlaceHeader contentTitle round_border&apos;]/button&quot; failedVerifying&quot;//div[@id=&apos;wrap_content_main&apos;]/div[@class=&apos;contentBody seeMore&apos;]/a[@href=&apos;/myplaces/savedMaps?backLink=&apos;]&quot; failedVerifying&quot;//div[@id=&apos;wrap_content_main&apos;]/div[@class=&apos;contentBody seeMore&apos;]/a[@href=&apos;/myplaces/locations?backLink=&apos;]&quot; failedVerifying&quot;//div[@id=&apos;wrap_content_main&apos;]/div[@class=&apos;contentBody seeMore&apos;]/a[@href=&apos;/myplaces/recentLocations?backLink=&apos;]&quot; failedVerifying&quot;link=Sign Out&quot; failedVerifying&quot;Hello test&quot; failedVerifying&quot;Sign Out&quot; failedVerifying&quot;My Saved Maps &amp; Routes&quot; failedVerifying&quot;See all My Saved Maps &amp; Routes&quot; failedVerifying&quot;My Locations&quot; failedVerifying&quot;See all My Locations&quot; failedVerifying&quot;My Recent Locations&quot; failedVerifying&quot;See all Recent Locations&quot; failed</b></a><br />
    <div class="stackTrace" id="exception-4">
              com.aol.functest.common.assertsoft.assertEmpty(assertsoft.java:35)<br />
              com.aol.functest.mobileweb.adv.test.MobileWebTest.validate(MobileWebTest.java:118)<br />
              com.aol.functest.mobileweb.adv.test.MobileWebTest.TC_VerifyMyPlaceTextResultPageUIObject(MobileWebTest.java:926)<br />
              com.aol.functest.mobileweb.adv.test.MobileWebTestUnAuthenticate.TC_VerifyMyPlaceTextResultPageUIObject_UnAuthenticate(MobileWebTestUnAuthenticate.java:265)<br />
              sun.reflect.NativeMethodAccessorImpl.invoke0(Native Method)<br />
              sun.reflect.NativeMethodAccessorImpl.invoke(NativeMethodAccessorImpl.java:39)<br />
              sun.reflect.DelegatingMethodAccessorImpl.invoke(DelegatingMethodAccessorImpl.java:25)<br />
              java.lang.reflect.Method.invoke(Method.java:597)<br />
              org.testng.internal.MethodHelper.invokeMethod(MethodHelper.java:580)<br />
              org.testng.internal.Invoker.invokeMethod(Invoker.java:478)<br />
              org.testng.internal.Invoker.invokeTestMethod(Invoker.java:617)<br />
              org.testng.internal.Invoker.invokeTestMethods(Invoker.java:885)<br />
              org.testng.internal.TestMethodWorker.invokeTestMethods(TestMethodWorker.java:126)<br />
              org.testng.internal.TestMethodWorker.run(TestMethodWorker.java:110)<br />
              org.testng.TestRunner.runWorkers(TestRunner.java:712)<br />
              org.testng.TestRunner.privateRun(TestRunner.java:582)<br />
              org.testng.TestRunner.run(TestRunner.java:477)<br />
              org.testng.SuiteRunner.runTest(SuiteRunner.java:324)<br />
              org.testng.SuiteRunner.runSequentially(SuiteRunner.java:319)<br />
              org.testng.SuiteRunner.privateRun(SuiteRunner.java:292)<br />
              org.testng.SuiteRunner.run(SuiteRunner.java:198)<br />
              org.testng.TestNG.createAndRunSuiteRunners(TestNG.java:823)<br />
              org.testng.TestNG.runSuitesLocally(TestNG.java:790)<br />
              org.testng.TestNG.run(TestNG.java:708)<br />
              org.testng.TestNG.privateMain(TestNG.java:860)<br />
              org.testng.TestNG.main(TestNG.java:833)<br />
                </div>
      </td>
</tr>
<tr>
  <td class="method">
          TC_VerifyRefineSearchFormPage_UnAuthenticate
      </td>
  <td class="duration">
    41.957s
  </td>
  <td class="result">
        
          <i>Method arguments: </i><span class="arguments">[Ljava.lang.String;@3c03dfcb, [Ljava.lang.String;@2259a735</span><br />
    
        

        <a href="javascript:toggleElement('exception-5', 'block')" title="Click to expand/collapse"><b>java.lang.RuntimeException: Verifying&quot;25 Miles&quot; failed</b></a><br />
    <div class="stackTrace" id="exception-5">
              com.aol.functest.common.assertsoft.assertEmpty(assertsoft.java:35)<br />
              com.aol.functest.mobileweb.adv.test.MobileWebTest.validate(MobileWebTest.java:118)<br />
              com.aol.functest.mobileweb.adv.test.MobileWebTest.TC_VerifyRefineSearchFormPage(MobileWebTest.java:848)<br />
              com.aol.functest.mobileweb.adv.test.MobileWebTestUnAuthenticate.TC_VerifyRefineSearchFormPage_UnAuthenticate(MobileWebTestUnAuthenticate.java:247)<br />
              sun.reflect.NativeMethodAccessorImpl.invoke0(Native Method)<br />
              sun.reflect.NativeMethodAccessorImpl.invoke(NativeMethodAccessorImpl.java:39)<br />
              sun.reflect.DelegatingMethodAccessorImpl.invoke(DelegatingMethodAccessorImpl.java:25)<br />
              java.lang.reflect.Method.invoke(Method.java:597)<br />
              org.testng.internal.MethodHelper.invokeMethod(MethodHelper.java:580)<br />
              org.testng.internal.Invoker.invokeMethod(Invoker.java:478)<br />
              org.testng.internal.Invoker.invokeTestMethod(Invoker.java:617)<br />
              org.testng.internal.Invoker.invokeTestMethods(Invoker.java:885)<br />
              org.testng.internal.TestMethodWorker.invokeTestMethods(TestMethodWorker.java:126)<br />
              org.testng.internal.TestMethodWorker.run(TestMethodWorker.java:110)<br />
              org.testng.TestRunner.runWorkers(TestRunner.java:712)<br />
              org.testng.TestRunner.privateRun(TestRunner.java:582)<br />
              org.testng.TestRunner.run(TestRunner.java:477)<br />
              org.testng.SuiteRunner.runTest(SuiteRunner.java:324)<br />
              org.testng.SuiteRunner.runSequentially(SuiteRunner.java:319)<br />
              org.testng.SuiteRunner.privateRun(SuiteRunner.java:292)<br />
              org.testng.SuiteRunner.run(SuiteRunner.java:198)<br />
              org.testng.TestNG.createAndRunSuiteRunners(TestNG.java:823)<br />
              org.testng.TestNG.runSuitesLocally(TestNG.java:790)<br />
              org.testng.TestNG.run(TestNG.java:708)<br />
              org.testng.TestNG.privateMain(TestNG.java:860)<br />
              org.testng.TestNG.main(TestNG.java:833)<br />
                </div>
      </td>
</tr>
<tr>
  <td class="method">
          TC_VerifySearchFormSearchByCatagory_UnAuthenticate
      </td>
  <td class="duration">
    44.744s
  </td>
  <td class="result">
        
          <i>Method arguments: </i><span class="arguments">[Ljava.lang.String;@2bf09a31, [Ljava.lang.String;@411b1d80</span><br />
    
        

        <a href="javascript:toggleElement('exception-6', 'block')" title="Click to expand/collapse"><b>java.lang.RuntimeException: Verifying&quot;Argonant Groceries 0.05 miles away <br/>
 233 E Colfax Ave <br/>
 (303) 861-3799&quot;</b></a><br />
    <div class="stackTrace" id="exception-6">
              com.aol.functest.common.assertsoft.assertEmpty(assertsoft.java:35)<br />
              com.aol.functest.mobileweb.adv.test.MobileWebTest.validate(MobileWebTest.java:118)<br />
              com.aol.functest.mobileweb.adv.test.MobileWebTest.TC_VerifySearchFormSearchByCatagory(MobileWebTest.java:743)<br />
              com.aol.functest.mobileweb.adv.test.MobileWebTestUnAuthenticate.TC_VerifySearchFormSearchByCatagory_UnAuthenticate(MobileWebTestUnAuthenticate.java:217)<br />
              sun.reflect.NativeMethodAccessorImpl.invoke0(Native Method)<br />
              sun.reflect.NativeMethodAccessorImpl.invoke(NativeMethodAccessorImpl.java:39)<br />
              sun.reflect.DelegatingMethodAccessorImpl.invoke(DelegatingMethodAccessorImpl.java:25)<br />
              java.lang.reflect.Method.invoke(Method.java:597)<br />
              org.testng.internal.MethodHelper.invokeMethod(MethodHelper.java:580)<br />
              org.testng.internal.Invoker.invokeMethod(Invoker.java:478)<br />
              org.testng.internal.Invoker.invokeTestMethod(Invoker.java:617)<br />
              org.testng.internal.Invoker.invokeTestMethods(Invoker.java:885)<br />
              org.testng.internal.TestMethodWorker.invokeTestMethods(TestMethodWorker.java:126)<br />
              org.testng.internal.TestMethodWorker.run(TestMethodWorker.java:110)<br />
              org.testng.TestRunner.runWorkers(TestRunner.java:712)<br />
              org.testng.TestRunner.privateRun(TestRunner.java:582)<br />
              org.testng.TestRunner.run(TestRunner.java:477)<br />
              org.testng.SuiteRunner.runTest(SuiteRunner.java:324)<br />
              org.testng.SuiteRunner.runSequentially(SuiteRunner.java:319)<br />
              org.testng.SuiteRunner.privateRun(SuiteRunner.java:292)<br />
              org.testng.SuiteRunner.run(SuiteRunner.java:198)<br />
              org.testng.TestNG.createAndRunSuiteRunners(TestNG.java:823)<br />
              org.testng.TestNG.runSuitesLocally(TestNG.java:790)<br />
              org.testng.TestNG.run(TestNG.java:708)<br />
              org.testng.TestNG.privateMain(TestNG.java:860)<br />
              org.testng.TestNG.main(TestNG.java:833)<br />
                </div>
      </td>
</tr>
<tr>
  <td class="method">
          TC_VerifySearchMapResultPageMapObject_UnAuthenticate
      </td>
  <td class="duration">
    15.578s
  </td>
  <td class="result">
        
          <i>Method arguments: </i><span class="arguments">[Ljava.lang.String;@5b2ddfe4, [Ljava.lang.String;@20c62080</span><br />
    
        

        <a href="javascript:toggleElement('exception-7', 'block')" title="Click to expand/collapse"><b>java.lang.RuntimeException: Comparision between /testdata/search/act_search_0.gif and /testdata/search/search_0.gif failed or file doesn&apos;t exists..Comparision between /testdata/search/act_search_1.gif and /testdata/search/search_1.gif failed or file doesn&apos;t exists..Comparision between /testdata/search/act_search_2.gif and /testdata/search/search_2.gif failed or file doesn&apos;t exists..Comparision between /testdata/search/act_search_3.gif and /testdata/search/search_3.gif failed or file doesn&apos;t exists..Comparision between /testdata/search/act_search_4.gif and /testdata/search/search_4.gif failed or file doesn&apos;t exists..Comparision between /testdata/search/act_search_5.gif and /testdata/search/search_5.gif failed or file doesn&apos;t exists..Comparision between /testdata/search/act_search_6.gif and /testdata/search/search_6.gif failed or file doesn&apos;t exists..Comparision between /testdata/search/act_search_7.gif and /testdata/search/search_7.gif failed or file doesn&apos;t exists..Comparision between /testdata/search/act_search_8.gif and /testdata/search/search_8.gif failed or file doesn&apos;t exists..Comparision between /testdata/search/act_search_9.gif and /testdata/search/search_9.gif failed or file doesn&apos;t exists..Comparision between /testdata/search/act_search_10.gif and /testdata/search/search_10.gif failed or file doesn&apos;t exists..Comparision between /testdata/search/act_search_11.gif and /testdata/search/search_11.gif failed or file doesn&apos;t exists..Comparision between /testdata/search/act_search_12.gif and /testdata/search/search_12.gif failed or file doesn&apos;t exists..Comparision between /testdata/search/act_search_13.gif and /testdata/search/search_13.gif failed or file doesn&apos;t exists..Comparision between /testdata/search/act_search_14.gif and /testdata/search/search_14.gif failed or file doesn&apos;t exists..Comparision between /testdata/search/act_search_15.gif and /testdata/search/search_15.gif failed or file doesn&apos;t exists..Comparision between /testdata/search/act_search_16.gif and /testdata/search/search_16.gif failed or file doesn&apos;t exists..Comparision between /testdata/search/act_search_17.gif and /testdata/search/search_17.gif failed or file doesn&apos;t exists..Comparision between /testdata/search/act_search_18.gif and /testdata/search/search_18.gif failed or file doesn&apos;t exists..Comparision between /testdata/search/act_search_19.gif and /testdata/search/search_19.gif failed or file doesn&apos;t exists..Comparision between /testdata/search/act_search_20.gif and /testdata/search/search_20.gif failed or file doesn&apos;t exists..</b></a><br />
    <div class="stackTrace" id="exception-7">
              com.aol.functest.common.assertsoft.assertEmpty(assertsoft.java:35)<br />
              com.aol.functest.mobileweb.adv.test.MobileWebTest.TC_VerifySearchMapResultPageMapObject(MobileWebTest.java:720)<br />
              com.aol.functest.mobileweb.adv.test.MobileWebTestUnAuthenticate.TC_VerifySearchMapResultPageMapObject_UnAuthenticate(MobileWebTestUnAuthenticate.java:211)<br />
              sun.reflect.NativeMethodAccessorImpl.invoke0(Native Method)<br />
              sun.reflect.NativeMethodAccessorImpl.invoke(NativeMethodAccessorImpl.java:39)<br />
              sun.reflect.DelegatingMethodAccessorImpl.invoke(DelegatingMethodAccessorImpl.java:25)<br />
              java.lang.reflect.Method.invoke(Method.java:597)<br />
              org.testng.internal.MethodHelper.invokeMethod(MethodHelper.java:580)<br />
              org.testng.internal.Invoker.invokeMethod(Invoker.java:478)<br />
              org.testng.internal.Invoker.invokeTestMethod(Invoker.java:617)<br />
              org.testng.internal.Invoker.invokeTestMethods(Invoker.java:885)<br />
              org.testng.internal.TestMethodWorker.invokeTestMethods(TestMethodWorker.java:126)<br />
              org.testng.internal.TestMethodWorker.run(TestMethodWorker.java:110)<br />
              org.testng.TestRunner.runWorkers(TestRunner.java:712)<br />
              org.testng.TestRunner.privateRun(TestRunner.java:582)<br />
              org.testng.TestRunner.run(TestRunner.java:477)<br />
              org.testng.SuiteRunner.runTest(SuiteRunner.java:324)<br />
              org.testng.SuiteRunner.runSequentially(SuiteRunner.java:319)<br />
              org.testng.SuiteRunner.privateRun(SuiteRunner.java:292)<br />
              org.testng.SuiteRunner.run(SuiteRunner.java:198)<br />
              org.testng.TestNG.createAndRunSuiteRunners(TestNG.java:823)<br />
              org.testng.TestNG.runSuitesLocally(TestNG.java:790)<br />
              org.testng.TestNG.run(TestNG.java:708)<br />
              org.testng.TestNG.privateMain(TestNG.java:860)<br />
              org.testng.TestNG.main(TestNG.java:833)<br />
                </div>
      </td>
</tr>
      </table>

  <table class="resultsTable" width="100%">
    <tr><th colspan="3" class="header skipped">Skipped Tests</th></tr>
          <tr>
        <td colspan="3" class="group">com.aol.functest.mobileweb.adv.test.MobileWebTestAuthenticate</td>
      </tr>
            
<tr>
  <td class="method">
          TC_SearchMapResultPageUIFromSearchResultGETDirectionClick_Authenticate
      </td>
  <td class="duration">
    0.000s
  </td>
  <td class="result">
                       <i>Depends on group(s): </i>
        <span class="dependency">authenticate</span>
        <br />
                
    
        

      </td>
</tr>
<tr>
  <td class="method">
          TC_SearchMapResultPageUIFromSearchResultGETMAPClick_Authenticate
      </td>
  <td class="duration">
    0.000s
  </td>
  <td class="result">
                       <i>Depends on group(s): </i>
        <span class="dependency">authenticate</span>
        <br />
                
    
        

      </td>
</tr>
<tr>
  <td class="method">
          TC_SearchMapResultPageUIFromSearchResultItemClick_Authenticate
      </td>
  <td class="duration">
    0.000s
  </td>
  <td class="result">
                       <i>Depends on group(s): </i>
        <span class="dependency">authenticate</span>
        <br />
                
    
        

      </td>
</tr>
<tr>
  <td class="method">
          TC_VerfifyDirectionspagewithoutlocation_Authenticate
      </td>
  <td class="duration">
    0.000s
  </td>
  <td class="result">
                       <i>Depends on group(s): </i>
        <span class="dependency">authenticate</span>
        <br />
                
    
        

      </td>
</tr>
<tr>
  <td class="method">
          TC_VerifyAlongtheRoutepageUI_Authenticate
      </td>
  <td class="duration">
    0.001s
  </td>
  <td class="result">
                       <i>Depends on group(s): </i>
        <span class="dependency">authenticate</span>
        <br />
                
    
        

      </td>
</tr>
<tr>
  <td class="method">
          TC_VerifyAlongtheRoutepagefunctionality_Authenticate
      </td>
  <td class="duration">
    0.001s
  </td>
  <td class="result">
                       <i>Depends on group(s): </i>
        <span class="dependency">authenticate</span>
        <br />
                
    
        

      </td>
</tr>
<tr>
  <td class="method">
          TC_VerifyBusinessSearchfromAmbiguityPage_Authenticate
      </td>
  <td class="duration">
    0.000s
  </td>
  <td class="result">
                       <i>Depends on group(s): </i>
        <span class="dependency">authenticate</span>
        <br />
                
    
        

      </td>
</tr>
<tr>
  <td class="method">
          TC_VerifyBusinessSearchfromGeodiffPage_Authenticate
      </td>
  <td class="duration">
    0.001s
  </td>
  <td class="result">
                       <i>Depends on group(s): </i>
        <span class="dependency">authenticate</span>
        <br />
                
    
        

      </td>
</tr>
<tr>
  <td class="method">
          TC_VerifyDirectionFormAmbiguityPage_Authenticate
      </td>
  <td class="duration">
    0.000s
  </td>
  <td class="result">
                       <i>Depends on group(s): </i>
        <span class="dependency">authenticate</span>
        <br />
                
    
        

      </td>
</tr>
<tr>
  <td class="method">
          TC_VerifyDirectionFormGepDiffPage_Authenticate
      </td>
  <td class="duration">
    0.000s
  </td>
  <td class="result">
                       <i>Depends on group(s): </i>
        <span class="dependency">authenticate</span>
        <br />
                
    
        

      </td>
</tr>
<tr>
  <td class="method">
          TC_VerifyDirectionFormRecentLocation_Authenticate
      </td>
  <td class="duration">
    0.001s
  </td>
  <td class="result">
                       <i>Depends on group(s): </i>
        <span class="dependency">authenticate</span>
        <br />
                
    
        

      </td>
</tr>
<tr>
  <td class="method">
          TC_VerifyDirectionMapClickRoadNarative_Authenticate
      </td>
  <td class="duration">
    0.000s
  </td>
  <td class="result">
                       <i>Depends on group(s): </i>
        <span class="dependency">authenticate</span>
        <br />
                
    
        

      </td>
</tr>
<tr>
  <td class="method">
          TC_VerifyDirectionMapClickRoadshield_Authenticate
      </td>
  <td class="duration">
    0.000s
  </td>
  <td class="result">
                       <i>Depends on group(s): </i>
        <span class="dependency">authenticate</span>
        <br />
                
    
        

      </td>
</tr>
<tr>
  <td class="method">
          TC_VerifyDirectionMapResultPageMapObject_Authenticate
      </td>
  <td class="duration">
    0.000s
  </td>
  <td class="result">
                       <i>Depends on group(s): </i>
        <span class="dependency">authenticate</span>
        <br />
                
    
        

      </td>
</tr>
<tr>
  <td class="method">
          TC_VerifyDirectionMapResultPageUIObject_Authenticate
      </td>
  <td class="duration">
    0.000s
  </td>
  <td class="result">
                       <i>Depends on group(s): </i>
        <span class="dependency">authenticate</span>
        <br />
                
    
        

      </td>
</tr>
<tr>
  <td class="method">
          TC_VerifyDirectionMapWithAvoidHighways_Authenticate
      </td>
  <td class="duration">
    0.000s
  </td>
  <td class="result">
                       <i>Depends on group(s): </i>
        <span class="dependency">authenticate</span>
        <br />
                
    
        

      </td>
</tr>
<tr>
  <td class="method">
          TC_VerifyDirectionMapWithAvoidSeasonallyClosedRoads_Authenticate
      </td>
  <td class="duration">
    0.000s
  </td>
  <td class="result">
                       <i>Depends on group(s): </i>
        <span class="dependency">authenticate</span>
        <br />
                
    
        

      </td>
</tr>
<tr>
  <td class="method">
          TC_VerifyDirectionMapWithAvoidTollRoad_Authenticate
      </td>
  <td class="duration">
    0.001s
  </td>
  <td class="result">
                       <i>Depends on group(s): </i>
        <span class="dependency">authenticate</span>
        <br />
                
    
        

      </td>
</tr>
<tr>
  <td class="method">
          TC_VerifyDirectionMapWithShortestDistance_Authenticate
      </td>
  <td class="duration">
    0.000s
  </td>
  <td class="result">
                       <i>Depends on group(s): </i>
        <span class="dependency">authenticate</span>
        <br />
                
    
        

      </td>
</tr>
<tr>
  <td class="method">
          TC_VerifyDirectionMapWithShortestTime_Authenticate
      </td>
  <td class="duration">
    0.001s
  </td>
  <td class="result">
                       <i>Depends on group(s): </i>
        <span class="dependency">authenticate</span>
        <br />
                
    
        

      </td>
</tr>
<tr>
  <td class="method">
          TC_VerifyDirectionMapWithWalkingDirection_Authenticate
      </td>
  <td class="duration">
    0.000s
  </td>
  <td class="result">
                       <i>Depends on group(s): </i>
        <span class="dependency">authenticate</span>
        <br />
                
    
        

      </td>
</tr>
<tr>
  <td class="method">
          TC_VerifyDirectionSearchAmbiguityAndGeodiff_Authenticate
      </td>
  <td class="duration">
    0.000s
  </td>
  <td class="result">
                       <i>Depends on group(s): </i>
        <span class="dependency">authenticate</span>
        <br />
                
    
        

      </td>
</tr>
<tr>
  <td class="method">
          TC_VerifyDirectionTextResultPageUIObject_Authenticate
      </td>
  <td class="duration">
    0.000s
  </td>
  <td class="result">
                       <i>Depends on group(s): </i>
        <span class="dependency">authenticate</span>
        <br />
                
    
        

      </td>
</tr>
<tr>
  <td class="method">
          TC_VerifyDirectionTextResultswith3routespageUI_Authenticate
      </td>
  <td class="duration">
    0.000s
  </td>
  <td class="result">
                       <i>Depends on group(s): </i>
        <span class="dependency">authenticate</span>
        <br />
                
    
        

      </td>
</tr>
<tr>
  <td class="method">
          TC_VerifyDirectionsBusinessSearchResultspageUI_Authenticate
      </td>
  <td class="duration">
    0.000s
  </td>
  <td class="result">
                       <i>Depends on group(s): </i>
        <span class="dependency">authenticate</span>
        <br />
                
    
        

      </td>
</tr>
<tr>
  <td class="method">
          TC_VerifyDirectionsTraffic_Authenticate
      </td>
  <td class="duration">
    0.000s
  </td>
  <td class="result">
                       <i>Depends on group(s): </i>
        <span class="dependency">authenticate</span>
        <br />
                
    
        

      </td>
</tr>
<tr>
  <td class="method">
          TC_VerifyDirectionspagewithstartlocation_Authenticate
      </td>
  <td class="duration">
    0.000s
  </td>
  <td class="result">
                       <i>Depends on group(s): </i>
        <span class="dependency">authenticate</span>
        <br />
                
    
        

      </td>
</tr>
<tr>
  <td class="method">
          TC_VerifyMapFormAmbiguityPage_Authenticate
      </td>
  <td class="duration">
    0.001s
  </td>
  <td class="result">
                       <i>Depends on group(s): </i>
        <span class="dependency">authenticate</span>
        <br />
                
    
        

      </td>
</tr>
<tr>
  <td class="method">
          TC_VerifyMapFormGeoDiffPage_Authenticate
      </td>
  <td class="duration">
    0.000s
  </td>
  <td class="result">
                       <i>Depends on group(s): </i>
        <span class="dependency">authenticate</span>
        <br />
                
    
        

      </td>
</tr>
<tr>
  <td class="method">
          TC_VerifyMapFormPageUIObject_Authenticate
      </td>
  <td class="duration">
    0.000s
  </td>
  <td class="result">
                       <i>Depends on group(s): </i>
        <span class="dependency">authenticate</span>
        <br />
                
    
        

      </td>
</tr>
<tr>
  <td class="method">
          TC_VerifyMapFormRecentLocation_Authenticate
      </td>
  <td class="duration">
    0.001s
  </td>
  <td class="result">
                       <i>Depends on group(s): </i>
        <span class="dependency">authenticate</span>
        <br />
                
    
        

      </td>
</tr>
<tr>
  <td class="method">
          TC_VerifyMapMapResultPageByThumbnailMap_Authenticate
      </td>
  <td class="duration">
    0.000s
  </td>
  <td class="result">
                       <i>Depends on group(s): </i>
        <span class="dependency">authenticate</span>
        <br />
                
    
        

      </td>
</tr>
<tr>
  <td class="method">
          TC_VerifyMapMapResultPageFindBusinessNearBy_Authenticate
      </td>
  <td class="duration">
    0.000s
  </td>
  <td class="result">
                       <i>Depends on group(s): </i>
        <span class="dependency">authenticate</span>
        <br />
                
    
        

      </td>
</tr>
<tr>
  <td class="method">
          TC_VerifyMapMapResultPageFindXYZNearBy_Authenticate
      </td>
  <td class="duration">
    0.001s
  </td>
  <td class="result">
                       <i>Depends on group(s): </i>
        <span class="dependency">authenticate</span>
        <br />
                
    
        

      </td>
</tr>
<tr>
  <td class="method">
          TC_VerifyMapMapResultPageGetDirectionFromHere_Authenticate
      </td>
  <td class="duration">
    0.000s
  </td>
  <td class="result">
                       <i>Depends on group(s): </i>
        <span class="dependency">authenticate</span>
        <br />
                
    
        

      </td>
</tr>
<tr>
  <td class="method">
          TC_VerifyMapMapResultPageGetDirectionToHere_Authenticate
      </td>
  <td class="duration">
    0.000s
  </td>
  <td class="result">
                       <i>Depends on group(s): </i>
        <span class="dependency">authenticate</span>
        <br />
                
    
        

      </td>
</tr>
<tr>
  <td class="method">
          TC_VerifyMapMapResultPageMapObject_Authenticate
      </td>
  <td class="duration">
    0.001s
  </td>
  <td class="result">
                       <i>Depends on group(s): </i>
        <span class="dependency">authenticate</span>
        <br />
                
    
        

      </td>
</tr>
<tr>
  <td class="method">
          TC_VerifyMapMapResultPageUIObject_Authenticate
      </td>
  <td class="duration">
    0.000s
  </td>
  <td class="result">
                       <i>Depends on group(s): </i>
        <span class="dependency">authenticate</span>
        <br />
                
    
        

      </td>
</tr>
<tr>
  <td class="method">
          TC_VerifyMapSearchformGeoDiffPage_Authenticate
      </td>
  <td class="duration">
    0.000s
  </td>
  <td class="result">
                       <i>Depends on group(s): </i>
        <span class="dependency">authenticate</span>
        <br />
                
    
        

      </td>
</tr>
<tr>
  <td class="method">
          TC_VerifyMapSearchfromAmbiguityPage_Authenticate
      </td>
  <td class="duration">
    0.000s
  </td>
  <td class="result">
                       <i>Depends on group(s): </i>
        <span class="dependency">authenticate</span>
        <br />
                
    
        

      </td>
</tr>
<tr>
  <td class="method">
          TC_VerifyMapTextResultPageUIObject_Authenticate
      </td>
  <td class="duration">
    0.000s
  </td>
  <td class="result">
                       <i>Depends on group(s): </i>
        <span class="dependency">authenticate</span>
        <br />
                
    
        

      </td>
</tr>
<tr>
  <td class="method">
          TC_VerifyMapTraffic_Authenticate
      </td>
  <td class="duration">
    0.000s
  </td>
  <td class="result">
                       <i>Depends on group(s): </i>
        <span class="dependency">authenticate</span>
        <br />
                
    
        

      </td>
</tr>
<tr>
  <td class="method">
          TC_VerifyMyPlaceTextResultPageUIObject_Authenticate
      </td>
  <td class="duration">
    0.000s
  </td>
  <td class="result">
                       <i>Depends on group(s): </i>
        <span class="dependency">authenticate</span>
        <br />
                
    
        

      </td>
</tr>
<tr>
  <td class="method">
          TC_VerifyNearaLocationpageUIObject_Authenticate
      </td>
  <td class="duration">
    0.000s
  </td>
  <td class="result">
                       <i>Depends on group(s): </i>
        <span class="dependency">authenticate</span>
        <br />
                
    
        

      </td>
</tr>
<tr>
  <td class="method">
          TC_VerifyRecalculateRouteOptions_Authenticate
      </td>
  <td class="duration">
    0.000s
  </td>
  <td class="result">
                       <i>Depends on group(s): </i>
        <span class="dependency">authenticate</span>
        <br />
                
    
        

      </td>
</tr>
<tr>
  <td class="method">
          TC_VerifyRefineSearchFormPage_Authenticate
      </td>
  <td class="duration">
    0.000s
  </td>
  <td class="result">
                       <i>Depends on group(s): </i>
        <span class="dependency">authenticate</span>
        <br />
                
    
        

      </td>
</tr>
<tr>
  <td class="method">
          TC_VerifyRefineSearchResultPage_Authenticate
      </td>
  <td class="duration">
    0.000s
  </td>
  <td class="result">
                       <i>Depends on group(s): </i>
        <span class="dependency">authenticate</span>
        <br />
                
    
        

      </td>
</tr>
<tr>
  <td class="method">
          TC_VerifyRouteOptionsPopupPage_Authenticate
      </td>
  <td class="duration">
    0.000s
  </td>
  <td class="result">
                       <i>Depends on group(s): </i>
        <span class="dependency">authenticate</span>
        <br />
                
    
        

      </td>
</tr>
<tr>
  <td class="method">
          TC_VerifySavedAndRecentFormPageUIObject_Authenticate
      </td>
  <td class="duration">
    0.000s
  </td>
  <td class="result">
                       <i>Depends on group(s): </i>
        <span class="dependency">authenticate</span>
        <br />
                
    
        

      </td>
</tr>
<tr>
  <td class="method">
          TC_VerifySearchFormAmbiguityPage_Authenticate
      </td>
  <td class="duration">
    0.000s
  </td>
  <td class="result">
                       <i>Depends on group(s): </i>
        <span class="dependency">authenticate</span>
        <br />
                
    
        

      </td>
</tr>
<tr>
  <td class="method">
          TC_VerifySearchFormGeoDiffPage_Authenticate
      </td>
  <td class="duration">
    0.001s
  </td>
  <td class="result">
                       <i>Depends on group(s): </i>
        <span class="dependency">authenticate</span>
        <br />
                
    
        

      </td>
</tr>
<tr>
  <td class="method">
          TC_VerifySearchFormPageUIObject_Authenticate
      </td>
  <td class="duration">
    0.001s
  </td>
  <td class="result">
                       <i>Depends on group(s): </i>
        <span class="dependency">authenticate</span>
        <br />
                
    
        

      </td>
</tr>
<tr>
  <td class="method">
          TC_VerifySearchFormRecentLocation_Authenticate
      </td>
  <td class="duration">
    0.000s
  </td>
  <td class="result">
                       <i>Depends on group(s): </i>
        <span class="dependency">authenticate</span>
        <br />
                
    
        

      </td>
</tr>
<tr>
  <td class="method">
          TC_VerifySearchFormSearchByCatagory_Authenticate
      </td>
  <td class="duration">
    0.001s
  </td>
  <td class="result">
                       <i>Depends on group(s): </i>
        <span class="dependency">authenticate</span>
        <br />
                
    
        

      </td>
</tr>
<tr>
  <td class="method">
          TC_VerifySearchMapResultPageMapObject_Authenticate
      </td>
  <td class="duration">
    0.000s
  </td>
  <td class="result">
                       <i>Depends on group(s): </i>
        <span class="dependency">authenticate</span>
        <br />
                
    
        

      </td>
</tr>
<tr>
  <td class="method">
          TC_VerifySearchTextResultPageUIObject_Authenticate
      </td>
  <td class="duration">
    0.000s
  </td>
  <td class="result">
                       <i>Depends on group(s): </i>
        <span class="dependency">authenticate</span>
        <br />
                
    
        

      </td>
</tr>
<tr>
  <td class="method">
          TC_VerifySearchTraffic_Authenticate
      </td>
  <td class="duration">
    0.000s
  </td>
  <td class="result">
                       <i>Depends on group(s): </i>
        <span class="dependency">authenticate</span>
        <br />
                
    
        

      </td>
</tr>
<tr>
  <td class="method">
          TC_VerifySearchUsingSearchByCatagory_Authenticate
      </td>
  <td class="duration">
    0.005s
  </td>
  <td class="result">
                       <i>Depends on group(s): </i>
        <span class="dependency">authenticate</span>
        <br />
                
    
        

      </td>
</tr>
      </table>

  <table class="resultsTable">
    <tr><th colspan="3" class="header passed">Passed Tests</th></tr>
          <tr>
        <td colspan="3" class="group">com.aol.functest.mobileweb.adv.test.MobileWebTestAuthenticate</td>
      </tr>
            
<tr>
  <td class="method">
          TC_VerifyDirectionFormPageUIObject_Authenticate
      </td>
  <td class="duration">
    30.956s
  </td>
  <td class="result">
        
          <i>Method arguments: </i><span class="arguments">[Ljava.lang.String;@7080ed90, [Ljava.lang.String;@206cc2a4</span><br />
    
        

      </td>
</tr>
          <tr>
        <td colspan="3" class="group">com.aol.functest.mobileweb.adv.test.MobileWebTestUnAuthenticate</td>
      </tr>
            
<tr>
  <td class="method">
          TC_SearchMapResultPageUIFromSearchResultGETMAPClick_UnAuthenticate
      </td>
  <td class="duration">
    18.218s
  </td>
  <td class="result">
        
          <i>Method arguments: </i><span class="arguments">[Ljava.lang.String;@2f7fc44f, [Ljava.lang.String;@6d3136e5</span><br />
    
        

      </td>
</tr>
<tr>
  <td class="method">
          TC_SearchMapResultPageUIFromSearchResultItemClick_UnAuthenticate
      </td>
  <td class="duration">
    30.854s
  </td>
  <td class="result">
        
          <i>Method arguments: </i><span class="arguments">[Ljava.lang.String;@3a0b2c64, [Ljava.lang.String;@338f7701</span><br />
    
        

      </td>
</tr>
<tr>
  <td class="method">
          TC_VerfifyDirectionspagewithoutlocation_UnAuthenticate
      </td>
  <td class="duration">
    3.066s
  </td>
  <td class="result">
        
    
        

      </td>
</tr>
<tr>
  <td class="method">
          TC_VerifyAlongtheRoutepageUI_UnAuthenticate
      </td>
  <td class="duration">
    40.961s
  </td>
  <td class="result">
        
          <i>Method arguments: </i><span class="arguments">[Ljava.lang.String;@fcdfd19, [Ljava.lang.String;@1ca37c6a</span><br />
    
        

      </td>
</tr>
<tr>
  <td class="method">
          TC_VerifyAlongtheRoutepagefunctionality_UnAuthenticate
      </td>
  <td class="duration">
    23.553s
  </td>
  <td class="result">
        
    
        

      </td>
</tr>
<tr>
  <td class="method">
          TC_VerifyBusinessSearchfromAmbiguityPage_UnAuthenticate
      </td>
  <td class="duration">
    13.300s
  </td>
  <td class="result">
        
    
        

      </td>
</tr>
<tr>
  <td class="method">
          TC_VerifyBusinessSearchfromGeodiffPage_UnAuthenticate
      </td>
  <td class="duration">
    13.016s
  </td>
  <td class="result">
        
    
        

      </td>
</tr>
<tr>
  <td class="method">
          TC_VerifyDirectionFormAmbiguityPage_UnAuthenticate
      </td>
  <td class="duration">
    33.821s
  </td>
  <td class="result">
        
          <i>Method arguments: </i><span class="arguments">[Ljava.lang.String;@313d21d6, [Ljava.lang.String;@247881db</span><br />
    
        

      </td>
</tr>
<tr>
  <td class="method">
          TC_VerifyDirectionFormGepDiffPage_UnAuthenticate
      </td>
  <td class="duration">
    14.375s
  </td>
  <td class="result">
        
          <i>Method arguments: </i><span class="arguments">[Ljava.lang.String;@63956391, [Ljava.lang.String;@64bbf7aa</span><br />
    
        

      </td>
</tr>
<tr>
  <td class="method">
          TC_VerifyDirectionFormPageUIObject_UnAuthenticate
      </td>
  <td class="duration">
    30.652s
  </td>
  <td class="result">
        
          <i>Method arguments: </i><span class="arguments">[Ljava.lang.String;@445ead9d, [Ljava.lang.String;@23d8417c</span><br />
    
        

      </td>
</tr>
<tr>
  <td class="method">
          TC_VerifyDirectionFormRecentLocation_UnAuthenticate
      </td>
  <td class="duration">
    13.040s
  </td>
  <td class="result">
        
    
        

      </td>
</tr>
<tr>
  <td class="method">
          TC_VerifyDirectionMapClickRoadNarative_UnAuthenticate
      </td>
  <td class="duration">
    11.291s
  </td>
  <td class="result">
        
          <i>Method arguments: </i><span class="arguments">[Ljava.lang.String;@4ab34646, [Ljava.lang.String;@3fcac3fa</span><br />
    
        

      </td>
</tr>
<tr>
  <td class="method">
          TC_VerifyDirectionMapClickRoadshield_UnAuthenticate
      </td>
  <td class="duration">
    11.347s
  </td>
  <td class="result">
        
          <i>Method arguments: </i><span class="arguments">[Ljava.lang.String;@190872ce, [Ljava.lang.String;@79a93f38</span><br />
    
        

      </td>
</tr>
<tr>
  <td class="method">
          TC_VerifyDirectionMapResultPageUIObject_UnAuthenticate
      </td>
  <td class="duration">
    11.293s
  </td>
  <td class="result">
        
          <i>Method arguments: </i><span class="arguments">[Ljava.lang.String;@5675b3ee, [Ljava.lang.String;@4977fa9a</span><br />
    
        

      </td>
</tr>
<tr>
  <td class="method">
          TC_VerifyDirectionMapWithAvoidHighways_UnAuthenticate
      </td>
  <td class="duration">
    10.244s
  </td>
  <td class="result">
        
    
        

      </td>
</tr>
<tr>
  <td class="method">
          TC_VerifyDirectionMapWithAvoidSeasonallyClosedRoads_UnAuthenticate
      </td>
  <td class="duration">
    10.362s
  </td>
  <td class="result">
        
    
        

      </td>
</tr>
<tr>
  <td class="method">
          TC_VerifyDirectionMapWithAvoidTollRoad_UnAuthenticate
      </td>
  <td class="duration">
    10.333s
  </td>
  <td class="result">
        
    
        

      </td>
</tr>
<tr>
  <td class="method">
          TC_VerifyDirectionMapWithShortestDistance_UnAuthenticate
      </td>
  <td class="duration">
    10.684s
  </td>
  <td class="result">
        
    
        

      </td>
</tr>
<tr>
  <td class="method">
          TC_VerifyDirectionMapWithShortestTime_UnAuthenticate
      </td>
  <td class="duration">
    10.277s
  </td>
  <td class="result">
        
    
        

      </td>
</tr>
<tr>
  <td class="method">
          TC_VerifyDirectionMapWithWalkingDirection_UnAuthenticate
      </td>
  <td class="duration">
    10.246s
  </td>
  <td class="result">
        
    
        

      </td>
</tr>
<tr>
  <td class="method">
          TC_VerifyDirectionSearchAmbiguityAndGeodiff_UnAuthenticate
      </td>
  <td class="duration">
    13.448s
  </td>
  <td class="result">
        
    
        

      </td>
</tr>
<tr>
  <td class="method">
          TC_VerifyDirectionTextResultPageUIObject_UnAuthenticate
      </td>
  <td class="duration">
    51.379s
  </td>
  <td class="result">
        
          <i>Method arguments: </i><span class="arguments">[Ljava.lang.String;@63e5ba24, [Ljava.lang.String;@7f1fc4b8</span><br />
    
        

      </td>
</tr>
<tr>
  <td class="method">
          TC_VerifyDirectionTextResultswith3routespageUI_UnAuthenticate
      </td>
  <td class="duration">
    33.800s
  </td>
  <td class="result">
        
          <i>Method arguments: </i><span class="arguments">[Ljava.lang.String;@7eac4d3b, [Ljava.lang.String;@62029d75</span><br />
    
        

      </td>
</tr>
<tr>
  <td class="method">
          TC_VerifyDirectionsBusinessSearchResultspageUI_UnAuthenticate
      </td>
  <td class="duration">
    67.752s
  </td>
  <td class="result">
        
          <i>Method arguments: </i><span class="arguments">[Ljava.lang.String;@19af9e98, [Ljava.lang.String;@58d51a54</span><br />
    
        

      </td>
</tr>
<tr>
  <td class="method">
          TC_VerifyDirectionsTraffic_Authenticate
      </td>
  <td class="duration">
    31.300s
  </td>
  <td class="result">
        
    
        

      </td>
</tr>
<tr>
  <td class="method">
          TC_VerifyDirectionspagewithstartlocation_UnAuthenticate
      </td>
  <td class="duration">
    8.505s
  </td>
  <td class="result">
        
    
        

      </td>
</tr>
<tr>
  <td class="method">
          TC_VerifyMapFormAmbiguityPage_UnAuthenticate
      </td>
  <td class="duration">
    36.928s
  </td>
  <td class="result">
        
          <i>Method arguments: </i><span class="arguments">[Ljava.lang.String;@eb3ae5c, [Ljava.lang.String;@367c218e</span><br />
    
        

      </td>
</tr>
<tr>
  <td class="method">
          TC_VerifyMapFormGeoDiffPage_UnAuthenticate
      </td>
  <td class="duration">
    17.440s
  </td>
  <td class="result">
        
          <i>Method arguments: </i><span class="arguments">[Ljava.lang.String;@f7f0d94, [Ljava.lang.String;@5e54777e</span><br />
    
        

      </td>
</tr>
<tr>
  <td class="method">
          TC_VerifyMapFormPageUIObject_UnAuthenticate
      </td>
  <td class="duration">
    12.259s
  </td>
  <td class="result">
        
          <i>Method arguments: </i><span class="arguments">[Ljava.lang.String;@7b712193, [Ljava.lang.String;@40537935</span><br />
    
        

      </td>
</tr>
<tr>
  <td class="method">
          TC_VerifyMapFormRecentLocation_UnAuthenticate
      </td>
  <td class="duration">
    15.753s
  </td>
  <td class="result">
        
    
        

      </td>
</tr>
<tr>
  <td class="method">
          TC_VerifyMapMapResultPageByThumbnailMap_UnAuthenticate
      </td>
  <td class="duration">
    13.492s
  </td>
  <td class="result">
        
          <i>Method arguments: </i><span class="arguments">[Ljava.lang.String;@283aa791, [Ljava.lang.String;@22cf3539</span><br />
    
        

      </td>
</tr>
<tr>
  <td class="method">
          TC_VerifyMapMapResultPageFindBusinessNearBy_UnAuthenticate
      </td>
  <td class="duration">
    57.134s
  </td>
  <td class="result">
        
          <i>Method arguments: </i><span class="arguments">[Ljava.lang.String;@51af4309, [Ljava.lang.String;@495a2dc4</span><br />
    
        

      </td>
</tr>
<tr>
  <td class="method">
          TC_VerifyMapMapResultPageFindXYZNearBy_UnAuthenticate
      </td>
  <td class="duration">
    18.442s
  </td>
  <td class="result">
        
    
        

      </td>
</tr>
<tr>
  <td class="method">
          TC_VerifyMapMapResultPageGetDirectionFromHere_UnAuthenticate
      </td>
  <td class="duration">
    16.472s
  </td>
  <td class="result">
        
    
        

      </td>
</tr>
<tr>
  <td class="method">
          TC_VerifyMapMapResultPageGetDirectionToHere_UnAuthenticate
      </td>
  <td class="duration">
    27.045s
  </td>
  <td class="result">
        
    
        

      </td>
</tr>
<tr>
  <td class="method">
          TC_VerifyMapMapResultPageUIObject_UnAuthenticate
      </td>
  <td class="duration">
    13.329s
  </td>
  <td class="result">
        
          <i>Method arguments: </i><span class="arguments">[Ljava.lang.String;@3f72c47b, [Ljava.lang.String;@7c187c8</span><br />
    
        

      </td>
</tr>
<tr>
  <td class="method">
          TC_VerifyMapSearchformGeoDiffPage_UnAuthenticate
      </td>
  <td class="duration">
    11.754s
  </td>
  <td class="result">
        
    
        

      </td>
</tr>
<tr>
  <td class="method">
          TC_VerifyMapSearchfromAmbiguityPage_UnAuthenticate
      </td>
  <td class="duration">
    12.326s
  </td>
  <td class="result">
        
    
        

      </td>
</tr>
<tr>
  <td class="method">
          TC_VerifyMapTextResultPageUIObject_UnAuthenticate
      </td>
  <td class="duration">
    27.613s
  </td>
  <td class="result">
        
          <i>Method arguments: </i><span class="arguments">[Ljava.lang.String;@32b95f72, [Ljava.lang.String;@28294f62</span><br />
    
        

      </td>
</tr>
<tr>
  <td class="method">
          TC_VerifyMapTraffic_Authenticate
      </td>
  <td class="duration">
    33.291s
  </td>
  <td class="result">
        
    
        

      </td>
</tr>
<tr>
  <td class="method">
          TC_VerifyMyPlaceFormPageUIObject_UnAuthenticate
      </td>
  <td class="duration">
    14.166s
  </td>
  <td class="result">
        
          <i>Method arguments: </i><span class="arguments">[Ljava.lang.String;@301abf87, [Ljava.lang.String;@2c1450bd</span><br />
    
        

      </td>
</tr>
<tr>
  <td class="method">
          TC_VerifyNearaLocationandsearchresultspageUIObject_UnAuthenticate
      </td>
  <td class="duration">
    25.718s
  </td>
  <td class="result">
        
          <i>Method arguments: </i><span class="arguments">[Ljava.lang.String;@69c0bee6, [Ljava.lang.String;@6d352447</span><br />
    
        

      </td>
</tr>
<tr>
  <td class="method">
          TC_VerifyRecalculateRouteOptions_UnAuthenticate
      </td>
  <td class="duration">
    16.548s
  </td>
  <td class="result">
        
    
        

      </td>
</tr>
<tr>
  <td class="method">
          TC_VerifyRefineSearchResultPage_UnAuthenticate
      </td>
  <td class="duration">
    18.620s
  </td>
  <td class="result">
        
    
        

      </td>
</tr>
<tr>
  <td class="method">
          TC_VerifyRouteOptionsPopupPage_UnAuthenticate
      </td>
  <td class="duration">
    22.549s
  </td>
  <td class="result">
        
          <i>Method arguments: </i><span class="arguments">[Ljava.lang.String;@3be0e954, [Ljava.lang.String;@2af6a882</span><br />
    
        

      </td>
</tr>
<tr>
  <td class="method">
          TC_VerifySavedAndRecentFormPageUIObject_UnAuthenticate
      </td>
  <td class="duration">
    37.855s
  </td>
  <td class="result">
        
          <i>Method arguments: </i><span class="arguments">[Ljava.lang.String;@27b104d7, [Ljava.lang.String;@56b4d39c</span><br />
    
        

      </td>
</tr>
<tr>
  <td class="method">
          TC_VerifySearchFormAmbiguityPage_UnAuthenticate
      </td>
  <td class="duration">
    38.022s
  </td>
  <td class="result">
        
          <i>Method arguments: </i><span class="arguments">[Ljava.lang.String;@79b0d33c, [Ljava.lang.String;@47fc468e</span><br />
    
        

      </td>
</tr>
<tr>
  <td class="method">
          TC_VerifySearchFormGeoDiffPage_UnAuthenticate
      </td>
  <td class="duration">
    18.535s
  </td>
  <td class="result">
        
          <i>Method arguments: </i><span class="arguments">[Ljava.lang.String;@37c398e, [Ljava.lang.String;@50a69b6b</span><br />
    
        

      </td>
</tr>
<tr>
  <td class="method">
          TC_VerifySearchFormPageUIObject_UnAuthenticate
      </td>
  <td class="duration">
    16.326s
  </td>
  <td class="result">
        
          <i>Method arguments: </i><span class="arguments">[Ljava.lang.String;@6a25b72a, [Ljava.lang.String;@521c5cd7</span><br />
    
        

      </td>
</tr>
<tr>
  <td class="method">
          TC_VerifySearchFormRecentLocation_UnAuthenticate
      </td>
  <td class="duration">
    17.580s
  </td>
  <td class="result">
        
    
        

      </td>
</tr>
<tr>
  <td class="method">
          TC_VerifySearchMapResultPageUIObject_UnAuthenticate
      </td>
  <td class="duration">
    14.408s
  </td>
  <td class="result">
        
          <i>Method arguments: </i><span class="arguments">[Ljava.lang.String;@4413515e, [Ljava.lang.String;@5043153c</span><br />
    
        

      </td>
</tr>
<tr>
  <td class="method">
          TC_VerifySearchTextResultPageUIObject_UnAuthenticate
      </td>
  <td class="duration">
    67.822s
  </td>
  <td class="result">
        
          <i>Method arguments: </i><span class="arguments">[Ljava.lang.String;@64273f4e, [Ljava.lang.String;@4cad4d40</span><br />
    
        

      </td>
</tr>
<tr>
  <td class="method">
          TC_VerifySearchTraffic_Authenticate
      </td>
  <td class="duration">
    34.427s
  </td>
  <td class="result">
        
    
        

      </td>
</tr>
<tr>
  <td class="method">
          TC_VerifySearchUsingSearchByCatagory_UnAuthenticate
      </td>
  <td class="duration">
    38.963s
  </td>
  <td class="result">
        
          <i>Method arguments: </i><span class="arguments">[Ljava.lang.String;@5aacc14, [Ljava.lang.String;@103c37f4</span><br />
    
        

      </td>
</tr>
<tr>
  <td class="method">
          unAuthenticate
      </td>
  <td class="duration">
    1.030s
  </td>
  <td class="result">
        
    
        

      </td>
</tr>
      </table>
  
</body>
</html>
