<?xml version="1.0" encoding="utf-8" ?>
<!DOCTYPE html PUBLIC "-//W3C//DTD XHTML 1.0 Strict//EN"
        "http://www.w3.org/TR/xhtml1/DTD/xhtml1-strict.dtd">
<html xmlns="http://www.w3.org/1999/xhtml" xml:lang="" lang="">
<head>
  <title>Test Results Report - MobileWebCollectionTest</title>
  <meta http-equiv="Content-Type" content="text/html;charset=utf-8" />
  <meta name="description" content="TestNG unit test results." />
  <link href="reportng.css" rel="stylesheet" type="text/css" />
    <script type="text/javascript" src="reportng.js"></script>
</head>
<body>
<h1>MobileWebCollectionTest</h1>
<p>
  Test duration: 2.994s
</p>



  <table class="resultsTable">
    <tr><th colspan="3" class="header failed">Failed Tests</th></tr>
          <tr>
        <td colspan="3" class="group">com.aol.functest.mobileweb.test.MobileWebCollectionTest</td>
      </tr>
            
<tr>
  <td class="method">
          TC_testAddItem
      </td>
  <td class="duration">
    0.288s
  </td>
  <td class="result">
        
    
        

        <a href="javascript:toggleElement('exception-0', 'block')" title="Click to expand/collapse"><b>java.lang.AssertionError: expected:&lt;200&gt; but was:&lt;302&gt;</b></a><br />
    <div class="stackTrace" id="exception-0">
              org.testng.AssertJUnit.fail(AssertJUnit.java:55)<br />
              org.testng.AssertJUnit.failNotEquals(AssertJUnit.java:360)<br />
              org.testng.AssertJUnit.assertEquals(AssertJUnit.java:76)<br />
              org.testng.AssertJUnit.assertEquals(AssertJUnit.java:241)<br />
              org.testng.AssertJUnit.assertEquals(AssertJUnit.java:248)<br />
              com.aol.functest.mobileweb.test.MobileWebCollectionTest.addTestCollection(MobileWebCollectionTest.java:671)<br />
              com.aol.functest.mobileweb.test.MobileWebCollectionTest.TC_testAddItem(MobileWebCollectionTest.java:529)<br />
              sun.reflect.NativeMethodAccessorImpl.invoke0(Native Method)<br />
              sun.reflect.NativeMethodAccessorImpl.invoke(NativeMethodAccessorImpl.java:39)<br />
              sun.reflect.DelegatingMethodAccessorImpl.invoke(DelegatingMethodAccessorImpl.java:25)<br />
              java.lang.reflect.Method.invoke(Method.java:597)<br />
              org.testng.internal.MethodHelper.invokeMethod(MethodHelper.java:580)<br />
              org.testng.internal.Invoker.invokeMethod(Invoker.java:478)<br />
              org.testng.internal.Invoker.invokeTestMethod(Invoker.java:617)<br />
              org.testng.internal.Invoker.invokeTestMethods(Invoker.java:885)<br />
              org.testng.internal.TestMethodWorker.invokeTestMethods(TestMethodWorker.java:126)<br />
              org.testng.internal.TestMethodWorker.run(TestMethodWorker.java:110)<br />
              org.testng.TestRunner.runWorkers(TestRunner.java:712)<br />
              org.testng.TestRunner.privateRun(TestRunner.java:582)<br />
              org.testng.TestRunner.run(TestRunner.java:477)<br />
              org.testng.SuiteRunner.runTest(SuiteRunner.java:324)<br />
              org.testng.SuiteRunner.runSequentially(SuiteRunner.java:319)<br />
              org.testng.SuiteRunner.privateRun(SuiteRunner.java:292)<br />
              org.testng.SuiteRunner.run(SuiteRunner.java:198)<br />
              org.testng.TestNG.createAndRunSuiteRunners(TestNG.java:823)<br />
              org.testng.TestNG.runSuitesLocally(TestNG.java:790)<br />
              org.testng.TestNG.run(TestNG.java:708)<br />
              org.testng.TestNG.privateMain(TestNG.java:860)<br />
              org.testng.TestNG.main(TestNG.java:833)<br />
                </div>
      </td>
</tr>
<tr>
  <td class="method">
          TC_testGetCollection_invalidCollectionId
      </td>
  <td class="duration">
    0.286s
  </td>
  <td class="result">
        
    
        

        <a href="javascript:toggleElement('exception-1', 'block')" title="Click to expand/collapse"><b>java.lang.AssertionError: expected:&lt;200&gt; but was:&lt;302&gt;</b></a><br />
    <div class="stackTrace" id="exception-1">
              org.testng.AssertJUnit.fail(AssertJUnit.java:55)<br />
              org.testng.AssertJUnit.failNotEquals(AssertJUnit.java:360)<br />
              org.testng.AssertJUnit.assertEquals(AssertJUnit.java:76)<br />
              org.testng.AssertJUnit.assertEquals(AssertJUnit.java:241)<br />
              org.testng.AssertJUnit.assertEquals(AssertJUnit.java:248)<br />
              com.aol.functest.mobileweb.test.MobileWebCollectionTest.TC_testGetCollection_invalidCollectionId(MobileWebCollectionTest.java:161)<br />
              sun.reflect.NativeMethodAccessorImpl.invoke0(Native Method)<br />
              sun.reflect.NativeMethodAccessorImpl.invoke(NativeMethodAccessorImpl.java:39)<br />
              sun.reflect.DelegatingMethodAccessorImpl.invoke(DelegatingMethodAccessorImpl.java:25)<br />
              java.lang.reflect.Method.invoke(Method.java:597)<br />
              org.testng.internal.MethodHelper.invokeMethod(MethodHelper.java:580)<br />
              org.testng.internal.Invoker.invokeMethod(Invoker.java:478)<br />
              org.testng.internal.Invoker.invokeTestMethod(Invoker.java:617)<br />
              org.testng.internal.Invoker.invokeTestMethods(Invoker.java:885)<br />
              org.testng.internal.TestMethodWorker.invokeTestMethods(TestMethodWorker.java:126)<br />
              org.testng.internal.TestMethodWorker.run(TestMethodWorker.java:110)<br />
              org.testng.TestRunner.runWorkers(TestRunner.java:712)<br />
              org.testng.TestRunner.privateRun(TestRunner.java:582)<br />
              org.testng.TestRunner.run(TestRunner.java:477)<br />
              org.testng.SuiteRunner.runTest(SuiteRunner.java:324)<br />
              org.testng.SuiteRunner.runSequentially(SuiteRunner.java:319)<br />
              org.testng.SuiteRunner.privateRun(SuiteRunner.java:292)<br />
              org.testng.SuiteRunner.run(SuiteRunner.java:198)<br />
              org.testng.TestNG.createAndRunSuiteRunners(TestNG.java:823)<br />
              org.testng.TestNG.runSuitesLocally(TestNG.java:790)<br />
              org.testng.TestNG.run(TestNG.java:708)<br />
              org.testng.TestNG.privateMain(TestNG.java:860)<br />
              org.testng.TestNG.main(TestNG.java:833)<br />
                </div>
      </td>
</tr>
<tr>
  <td class="method">
          TC_testGetCollection_validCollectionId
      </td>
  <td class="duration">
    0.286s
  </td>
  <td class="result">
        
    
        

        <a href="javascript:toggleElement('exception-2', 'block')" title="Click to expand/collapse"><b>java.lang.AssertionError: expected:&lt;200&gt; but was:&lt;302&gt;</b></a><br />
    <div class="stackTrace" id="exception-2">
              org.testng.AssertJUnit.fail(AssertJUnit.java:55)<br />
              org.testng.AssertJUnit.failNotEquals(AssertJUnit.java:360)<br />
              org.testng.AssertJUnit.assertEquals(AssertJUnit.java:76)<br />
              org.testng.AssertJUnit.assertEquals(AssertJUnit.java:241)<br />
              org.testng.AssertJUnit.assertEquals(AssertJUnit.java:248)<br />
              com.aol.functest.mobileweb.test.MobileWebCollectionTest.addTestCollection(MobileWebCollectionTest.java:671)<br />
              com.aol.functest.mobileweb.test.MobileWebCollectionTest.TC_testGetCollection_validCollectionId(MobileWebCollectionTest.java:83)<br />
              sun.reflect.NativeMethodAccessorImpl.invoke0(Native Method)<br />
              sun.reflect.NativeMethodAccessorImpl.invoke(NativeMethodAccessorImpl.java:39)<br />
              sun.reflect.DelegatingMethodAccessorImpl.invoke(DelegatingMethodAccessorImpl.java:25)<br />
              java.lang.reflect.Method.invoke(Method.java:597)<br />
              org.testng.internal.MethodHelper.invokeMethod(MethodHelper.java:580)<br />
              org.testng.internal.Invoker.invokeMethod(Invoker.java:478)<br />
              org.testng.internal.Invoker.invokeTestMethod(Invoker.java:617)<br />
              org.testng.internal.Invoker.invokeTestMethods(Invoker.java:885)<br />
              org.testng.internal.TestMethodWorker.invokeTestMethods(TestMethodWorker.java:126)<br />
              org.testng.internal.TestMethodWorker.run(TestMethodWorker.java:110)<br />
              org.testng.TestRunner.runWorkers(TestRunner.java:712)<br />
              org.testng.TestRunner.privateRun(TestRunner.java:582)<br />
              org.testng.TestRunner.run(TestRunner.java:477)<br />
              org.testng.SuiteRunner.runTest(SuiteRunner.java:324)<br />
              org.testng.SuiteRunner.runSequentially(SuiteRunner.java:319)<br />
              org.testng.SuiteRunner.privateRun(SuiteRunner.java:292)<br />
              org.testng.SuiteRunner.run(SuiteRunner.java:198)<br />
              org.testng.TestNG.createAndRunSuiteRunners(TestNG.java:823)<br />
              org.testng.TestNG.runSuitesLocally(TestNG.java:790)<br />
              org.testng.TestNG.run(TestNG.java:708)<br />
              org.testng.TestNG.privateMain(TestNG.java:860)<br />
              org.testng.TestNG.main(TestNG.java:833)<br />
                </div>
      </td>
</tr>
<tr>
  <td class="method">
          TC_testGetCollectionsForUser
      </td>
  <td class="duration">
    0.405s
  </td>
  <td class="result">
        
    
        

        <a href="javascript:toggleElement('exception-3', 'block')" title="Click to expand/collapse"><b>java.lang.AssertionError: expected:&lt;200&gt; but was:&lt;302&gt;</b></a><br />
    <div class="stackTrace" id="exception-3">
              org.testng.AssertJUnit.fail(AssertJUnit.java:55)<br />
              org.testng.AssertJUnit.failNotEquals(AssertJUnit.java:360)<br />
              org.testng.AssertJUnit.assertEquals(AssertJUnit.java:76)<br />
              org.testng.AssertJUnit.assertEquals(AssertJUnit.java:241)<br />
              org.testng.AssertJUnit.assertEquals(AssertJUnit.java:248)<br />
              com.aol.functest.mobileweb.test.MobileWebCollectionTest.addTestCollection(MobileWebCollectionTest.java:671)<br />
              com.aol.functest.mobileweb.test.MobileWebCollectionTest.TC_testGetCollectionsForUser(MobileWebCollectionTest.java:183)<br />
              sun.reflect.NativeMethodAccessorImpl.invoke0(Native Method)<br />
              sun.reflect.NativeMethodAccessorImpl.invoke(NativeMethodAccessorImpl.java:39)<br />
              sun.reflect.DelegatingMethodAccessorImpl.invoke(DelegatingMethodAccessorImpl.java:25)<br />
              java.lang.reflect.Method.invoke(Method.java:597)<br />
              org.testng.internal.MethodHelper.invokeMethod(MethodHelper.java:580)<br />
              org.testng.internal.Invoker.invokeMethod(Invoker.java:478)<br />
              org.testng.internal.Invoker.invokeTestMethod(Invoker.java:617)<br />
              org.testng.internal.Invoker.invokeTestMethods(Invoker.java:885)<br />
              org.testng.internal.TestMethodWorker.invokeTestMethods(TestMethodWorker.java:126)<br />
              org.testng.internal.TestMethodWorker.run(TestMethodWorker.java:110)<br />
              org.testng.TestRunner.runWorkers(TestRunner.java:712)<br />
              org.testng.TestRunner.privateRun(TestRunner.java:582)<br />
              org.testng.TestRunner.run(TestRunner.java:477)<br />
              org.testng.SuiteRunner.runTest(SuiteRunner.java:324)<br />
              org.testng.SuiteRunner.runSequentially(SuiteRunner.java:319)<br />
              org.testng.SuiteRunner.privateRun(SuiteRunner.java:292)<br />
              org.testng.SuiteRunner.run(SuiteRunner.java:198)<br />
              org.testng.TestNG.createAndRunSuiteRunners(TestNG.java:823)<br />
              org.testng.TestNG.runSuitesLocally(TestNG.java:790)<br />
              org.testng.TestNG.run(TestNG.java:708)<br />
              org.testng.TestNG.privateMain(TestNG.java:860)<br />
              org.testng.TestNG.main(TestNG.java:833)<br />
                </div>
      </td>
</tr>
<tr>
  <td class="method">
          TC_testSaveExistingCollection
      </td>
  <td class="duration">
    0.286s
  </td>
  <td class="result">
        
    
        

        <a href="javascript:toggleElement('exception-4', 'block')" title="Click to expand/collapse"><b>java.lang.AssertionError: expected:&lt;200&gt; but was:&lt;302&gt;</b></a><br />
    <div class="stackTrace" id="exception-4">
              org.testng.AssertJUnit.fail(AssertJUnit.java:55)<br />
              org.testng.AssertJUnit.failNotEquals(AssertJUnit.java:360)<br />
              org.testng.AssertJUnit.assertEquals(AssertJUnit.java:76)<br />
              org.testng.AssertJUnit.assertEquals(AssertJUnit.java:241)<br />
              org.testng.AssertJUnit.assertEquals(AssertJUnit.java:248)<br />
              com.aol.functest.mobileweb.test.MobileWebCollectionTest.addTestCollection(MobileWebCollectionTest.java:671)<br />
              com.aol.functest.mobileweb.test.MobileWebCollectionTest.TC_testSaveExistingCollection(MobileWebCollectionTest.java:319)<br />
              sun.reflect.NativeMethodAccessorImpl.invoke0(Native Method)<br />
              sun.reflect.NativeMethodAccessorImpl.invoke(NativeMethodAccessorImpl.java:39)<br />
              sun.reflect.DelegatingMethodAccessorImpl.invoke(DelegatingMethodAccessorImpl.java:25)<br />
              java.lang.reflect.Method.invoke(Method.java:597)<br />
              org.testng.internal.MethodHelper.invokeMethod(MethodHelper.java:580)<br />
              org.testng.internal.Invoker.invokeMethod(Invoker.java:478)<br />
              org.testng.internal.Invoker.invokeTestMethod(Invoker.java:617)<br />
              org.testng.internal.Invoker.invokeTestMethods(Invoker.java:885)<br />
              org.testng.internal.TestMethodWorker.invokeTestMethods(TestMethodWorker.java:126)<br />
              org.testng.internal.TestMethodWorker.run(TestMethodWorker.java:110)<br />
              org.testng.TestRunner.runWorkers(TestRunner.java:712)<br />
              org.testng.TestRunner.privateRun(TestRunner.java:582)<br />
              org.testng.TestRunner.run(TestRunner.java:477)<br />
              org.testng.SuiteRunner.runTest(SuiteRunner.java:324)<br />
              org.testng.SuiteRunner.runSequentially(SuiteRunner.java:319)<br />
              org.testng.SuiteRunner.privateRun(SuiteRunner.java:292)<br />
              org.testng.SuiteRunner.run(SuiteRunner.java:198)<br />
              org.testng.TestNG.createAndRunSuiteRunners(TestNG.java:823)<br />
              org.testng.TestNG.runSuitesLocally(TestNG.java:790)<br />
              org.testng.TestNG.run(TestNG.java:708)<br />
              org.testng.TestNG.privateMain(TestNG.java:860)<br />
              org.testng.TestNG.main(TestNG.java:833)<br />
                </div>
      </td>
</tr>
<tr>
  <td class="method">
          TC_testSaveNewCollection
      </td>
  <td class="duration">
    0.293s
  </td>
  <td class="result">
        
    
        

        <a href="javascript:toggleElement('exception-5', 'block')" title="Click to expand/collapse"><b>java.lang.AssertionError: expected:&lt;200&gt; but was:&lt;302&gt;</b></a><br />
    <div class="stackTrace" id="exception-5">
              org.testng.AssertJUnit.fail(AssertJUnit.java:55)<br />
              org.testng.AssertJUnit.failNotEquals(AssertJUnit.java:360)<br />
              org.testng.AssertJUnit.assertEquals(AssertJUnit.java:76)<br />
              org.testng.AssertJUnit.assertEquals(AssertJUnit.java:241)<br />
              org.testng.AssertJUnit.assertEquals(AssertJUnit.java:248)<br />
              com.aol.functest.mobileweb.test.MobileWebCollectionTest.TC_testSaveNewCollection(MobileWebCollectionTest.java:253)<br />
              sun.reflect.NativeMethodAccessorImpl.invoke0(Native Method)<br />
              sun.reflect.NativeMethodAccessorImpl.invoke(NativeMethodAccessorImpl.java:39)<br />
              sun.reflect.DelegatingMethodAccessorImpl.invoke(DelegatingMethodAccessorImpl.java:25)<br />
              java.lang.reflect.Method.invoke(Method.java:597)<br />
              org.testng.internal.MethodHelper.invokeMethod(MethodHelper.java:580)<br />
              org.testng.internal.Invoker.invokeMethod(Invoker.java:478)<br />
              org.testng.internal.Invoker.invokeTestMethod(Invoker.java:617)<br />
              org.testng.internal.Invoker.invokeTestMethods(Invoker.java:885)<br />
              org.testng.internal.TestMethodWorker.invokeTestMethods(TestMethodWorker.java:126)<br />
              org.testng.internal.TestMethodWorker.run(TestMethodWorker.java:110)<br />
              org.testng.TestRunner.runWorkers(TestRunner.java:712)<br />
              org.testng.TestRunner.privateRun(TestRunner.java:582)<br />
              org.testng.TestRunner.run(TestRunner.java:477)<br />
              org.testng.SuiteRunner.runTest(SuiteRunner.java:324)<br />
              org.testng.SuiteRunner.runSequentially(SuiteRunner.java:319)<br />
              org.testng.SuiteRunner.privateRun(SuiteRunner.java:292)<br />
              org.testng.SuiteRunner.run(SuiteRunner.java:198)<br />
              org.testng.TestNG.createAndRunSuiteRunners(TestNG.java:823)<br />
              org.testng.TestNG.runSuitesLocally(TestNG.java:790)<br />
              org.testng.TestNG.run(TestNG.java:708)<br />
              org.testng.TestNG.privateMain(TestNG.java:860)<br />
              org.testng.TestNG.main(TestNG.java:833)<br />
                </div>
      </td>
</tr>
<tr>
  <td class="method">
          TC_testSaveNewCollection_withBadJSONObjectParam
      </td>
  <td class="duration">
    0.287s
  </td>
  <td class="result">
        
    
        

        <a href="javascript:toggleElement('exception-6', 'block')" title="Click to expand/collapse"><b>java.lang.AssertionError: expected:&lt;200&gt; but was:&lt;302&gt;</b></a><br />
    <div class="stackTrace" id="exception-6">
              org.testng.AssertJUnit.fail(AssertJUnit.java:55)<br />
              org.testng.AssertJUnit.failNotEquals(AssertJUnit.java:360)<br />
              org.testng.AssertJUnit.assertEquals(AssertJUnit.java:76)<br />
              org.testng.AssertJUnit.assertEquals(AssertJUnit.java:241)<br />
              org.testng.AssertJUnit.assertEquals(AssertJUnit.java:248)<br />
              com.aol.functest.mobileweb.test.MobileWebCollectionTest.TC_testSaveNewCollection_withBadJSONObjectParam(MobileWebCollectionTest.java:298)<br />
              sun.reflect.NativeMethodAccessorImpl.invoke0(Native Method)<br />
              sun.reflect.NativeMethodAccessorImpl.invoke(NativeMethodAccessorImpl.java:39)<br />
              sun.reflect.DelegatingMethodAccessorImpl.invoke(DelegatingMethodAccessorImpl.java:25)<br />
              java.lang.reflect.Method.invoke(Method.java:597)<br />
              org.testng.internal.MethodHelper.invokeMethod(MethodHelper.java:580)<br />
              org.testng.internal.Invoker.invokeMethod(Invoker.java:478)<br />
              org.testng.internal.Invoker.invokeTestMethod(Invoker.java:617)<br />
              org.testng.internal.Invoker.invokeTestMethods(Invoker.java:885)<br />
              org.testng.internal.TestMethodWorker.invokeTestMethods(TestMethodWorker.java:126)<br />
              org.testng.internal.TestMethodWorker.run(TestMethodWorker.java:110)<br />
              org.testng.TestRunner.runWorkers(TestRunner.java:712)<br />
              org.testng.TestRunner.privateRun(TestRunner.java:582)<br />
              org.testng.TestRunner.run(TestRunner.java:477)<br />
              org.testng.SuiteRunner.runTest(SuiteRunner.java:324)<br />
              org.testng.SuiteRunner.runSequentially(SuiteRunner.java:319)<br />
              org.testng.SuiteRunner.privateRun(SuiteRunner.java:292)<br />
              org.testng.SuiteRunner.run(SuiteRunner.java:198)<br />
              org.testng.TestNG.createAndRunSuiteRunners(TestNG.java:823)<br />
              org.testng.TestNG.runSuitesLocally(TestNG.java:790)<br />
              org.testng.TestNG.run(TestNG.java:708)<br />
              org.testng.TestNG.privateMain(TestNG.java:860)<br />
              org.testng.TestNG.main(TestNG.java:833)<br />
                </div>
      </td>
</tr>
<tr>
  <td class="method">
          TC_testUpdateCollection
      </td>
  <td class="duration">
    0.287s
  </td>
  <td class="result">
        
    
        

        <a href="javascript:toggleElement('exception-7', 'block')" title="Click to expand/collapse"><b>java.lang.AssertionError: expected:&lt;200&gt; but was:&lt;302&gt;</b></a><br />
    <div class="stackTrace" id="exception-7">
              org.testng.AssertJUnit.fail(AssertJUnit.java:55)<br />
              org.testng.AssertJUnit.failNotEquals(AssertJUnit.java:360)<br />
              org.testng.AssertJUnit.assertEquals(AssertJUnit.java:76)<br />
              org.testng.AssertJUnit.assertEquals(AssertJUnit.java:241)<br />
              org.testng.AssertJUnit.assertEquals(AssertJUnit.java:248)<br />
              com.aol.functest.mobileweb.test.MobileWebCollectionTest.addTestCollection(MobileWebCollectionTest.java:671)<br />
              com.aol.functest.mobileweb.test.MobileWebCollectionTest.TC_testUpdateCollection(MobileWebCollectionTest.java:374)<br />
              sun.reflect.NativeMethodAccessorImpl.invoke0(Native Method)<br />
              sun.reflect.NativeMethodAccessorImpl.invoke(NativeMethodAccessorImpl.java:39)<br />
              sun.reflect.DelegatingMethodAccessorImpl.invoke(DelegatingMethodAccessorImpl.java:25)<br />
              java.lang.reflect.Method.invoke(Method.java:597)<br />
              org.testng.internal.MethodHelper.invokeMethod(MethodHelper.java:580)<br />
              org.testng.internal.Invoker.invokeMethod(Invoker.java:478)<br />
              org.testng.internal.Invoker.invokeTestMethod(Invoker.java:617)<br />
              org.testng.internal.Invoker.invokeTestMethods(Invoker.java:885)<br />
              org.testng.internal.TestMethodWorker.invokeTestMethods(TestMethodWorker.java:126)<br />
              org.testng.internal.TestMethodWorker.run(TestMethodWorker.java:110)<br />
              org.testng.TestRunner.runWorkers(TestRunner.java:712)<br />
              org.testng.TestRunner.privateRun(TestRunner.java:582)<br />
              org.testng.TestRunner.run(TestRunner.java:477)<br />
              org.testng.SuiteRunner.runTest(SuiteRunner.java:324)<br />
              org.testng.SuiteRunner.runSequentially(SuiteRunner.java:319)<br />
              org.testng.SuiteRunner.privateRun(SuiteRunner.java:292)<br />
              org.testng.SuiteRunner.run(SuiteRunner.java:198)<br />
              org.testng.TestNG.createAndRunSuiteRunners(TestNG.java:823)<br />
              org.testng.TestNG.runSuitesLocally(TestNG.java:790)<br />
              org.testng.TestNG.run(TestNG.java:708)<br />
              org.testng.TestNG.privateMain(TestNG.java:860)<br />
              org.testng.TestNG.main(TestNG.java:833)<br />
                </div>
      </td>
</tr>
<tr>
  <td class="method">
          TC_testUpdateCollection_withInvalidCollectionId
      </td>
  <td class="duration">
    0.287s
  </td>
  <td class="result">
        
    
        

        <a href="javascript:toggleElement('exception-8', 'block')" title="Click to expand/collapse"><b>java.lang.AssertionError: expected:&lt;200&gt; but was:&lt;302&gt;</b></a><br />
    <div class="stackTrace" id="exception-8">
              org.testng.AssertJUnit.fail(AssertJUnit.java:55)<br />
              org.testng.AssertJUnit.failNotEquals(AssertJUnit.java:360)<br />
              org.testng.AssertJUnit.assertEquals(AssertJUnit.java:76)<br />
              org.testng.AssertJUnit.assertEquals(AssertJUnit.java:241)<br />
              org.testng.AssertJUnit.assertEquals(AssertJUnit.java:248)<br />
              com.aol.functest.mobileweb.test.MobileWebCollectionTest.addTestCollection(MobileWebCollectionTest.java:671)<br />
              com.aol.functest.mobileweb.test.MobileWebCollectionTest.TC_testUpdateCollection_withInvalidCollectionId(MobileWebCollectionTest.java:430)<br />
              sun.reflect.NativeMethodAccessorImpl.invoke0(Native Method)<br />
              sun.reflect.NativeMethodAccessorImpl.invoke(NativeMethodAccessorImpl.java:39)<br />
              sun.reflect.DelegatingMethodAccessorImpl.invoke(DelegatingMethodAccessorImpl.java:25)<br />
              java.lang.reflect.Method.invoke(Method.java:597)<br />
              org.testng.internal.MethodHelper.invokeMethod(MethodHelper.java:580)<br />
              org.testng.internal.Invoker.invokeMethod(Invoker.java:478)<br />
              org.testng.internal.Invoker.invokeTestMethod(Invoker.java:617)<br />
              org.testng.internal.Invoker.invokeTestMethods(Invoker.java:885)<br />
              org.testng.internal.TestMethodWorker.invokeTestMethods(TestMethodWorker.java:126)<br />
              org.testng.internal.TestMethodWorker.run(TestMethodWorker.java:110)<br />
              org.testng.TestRunner.runWorkers(TestRunner.java:712)<br />
              org.testng.TestRunner.privateRun(TestRunner.java:582)<br />
              org.testng.TestRunner.run(TestRunner.java:477)<br />
              org.testng.SuiteRunner.runTest(SuiteRunner.java:324)<br />
              org.testng.SuiteRunner.runSequentially(SuiteRunner.java:319)<br />
              org.testng.SuiteRunner.privateRun(SuiteRunner.java:292)<br />
              org.testng.SuiteRunner.run(SuiteRunner.java:198)<br />
              org.testng.TestNG.createAndRunSuiteRunners(TestNG.java:823)<br />
              org.testng.TestNG.runSuitesLocally(TestNG.java:790)<br />
              org.testng.TestNG.run(TestNG.java:708)<br />
              org.testng.TestNG.privateMain(TestNG.java:860)<br />
              org.testng.TestNG.main(TestNG.java:833)<br />
                </div>
      </td>
</tr>
<tr>
  <td class="method">
          TC_testUpdateItem
      </td>
  <td class="duration">
    0.288s
  </td>
  <td class="result">
        
    
        

        <a href="javascript:toggleElement('exception-9', 'block')" title="Click to expand/collapse"><b>java.lang.AssertionError: expected:&lt;200&gt; but was:&lt;302&gt;</b></a><br />
    <div class="stackTrace" id="exception-9">
              org.testng.AssertJUnit.fail(AssertJUnit.java:55)<br />
              org.testng.AssertJUnit.failNotEquals(AssertJUnit.java:360)<br />
              org.testng.AssertJUnit.assertEquals(AssertJUnit.java:76)<br />
              org.testng.AssertJUnit.assertEquals(AssertJUnit.java:241)<br />
              org.testng.AssertJUnit.assertEquals(AssertJUnit.java:248)<br />
              com.aol.functest.mobileweb.test.MobileWebCollectionTest.addTestCollection(MobileWebCollectionTest.java:671)<br />
              com.aol.functest.mobileweb.test.MobileWebCollectionTest.TC_testUpdateItem(MobileWebCollectionTest.java:469)<br />
              sun.reflect.NativeMethodAccessorImpl.invoke0(Native Method)<br />
              sun.reflect.NativeMethodAccessorImpl.invoke(NativeMethodAccessorImpl.java:39)<br />
              sun.reflect.DelegatingMethodAccessorImpl.invoke(DelegatingMethodAccessorImpl.java:25)<br />
              java.lang.reflect.Method.invoke(Method.java:597)<br />
              org.testng.internal.MethodHelper.invokeMethod(MethodHelper.java:580)<br />
              org.testng.internal.Invoker.invokeMethod(Invoker.java:478)<br />
              org.testng.internal.Invoker.invokeTestMethod(Invoker.java:617)<br />
              org.testng.internal.Invoker.invokeTestMethods(Invoker.java:885)<br />
              org.testng.internal.TestMethodWorker.invokeTestMethods(TestMethodWorker.java:126)<br />
              org.testng.internal.TestMethodWorker.run(TestMethodWorker.java:110)<br />
              org.testng.TestRunner.runWorkers(TestRunner.java:712)<br />
              org.testng.TestRunner.privateRun(TestRunner.java:582)<br />
              org.testng.TestRunner.run(TestRunner.java:477)<br />
              org.testng.SuiteRunner.runTest(SuiteRunner.java:324)<br />
              org.testng.SuiteRunner.runSequentially(SuiteRunner.java:319)<br />
              org.testng.SuiteRunner.privateRun(SuiteRunner.java:292)<br />
              org.testng.SuiteRunner.run(SuiteRunner.java:198)<br />
              org.testng.TestNG.createAndRunSuiteRunners(TestNG.java:823)<br />
              org.testng.TestNG.runSuitesLocally(TestNG.java:790)<br />
              org.testng.TestNG.run(TestNG.java:708)<br />
              org.testng.TestNG.privateMain(TestNG.java:860)<br />
              org.testng.TestNG.main(TestNG.java:833)<br />
                </div>
      </td>
</tr>
      </table>


  
</body>
</html>
