<?xml version="1.0" encoding="UTF-8"?>
<testsuite name="com.aol.functest.mobileweb.std.test.MobileWebTestStdAuthenticate"
           tests="44"
           failures="2"
           errors="0"
           skipped="42"
           time="0.005">
  <properties />
      <testcase name="basestate" time="0.000">
            <failure type="java.lang.AssertionError"
                  message="expected:&lt;true&gt; but was:&lt;false&gt;"
              >
<![CDATA[java.lang.AssertionError: expected:<true> but was:<false>
  org.testng.Assert.fail(Assert.java:84)
  org.testng.Assert.failNotEquals(Assert.java:438)
  org.testng.Assert.assertTrue(Assert.java:32)
  org.testng.Assert.assertTrue(Assert.java:42)
  com.aol.functest.mobileweb.std.common.MobileWeb.mobileWebBaseState(MobileWeb.java:122)
  com.aol.functest.mobileweb.std.test.MobileWebTestStdAuthenticate.basestate(MobileWebTestStdAuthenticate.java:49)
  sun.reflect.NativeMethodAccessorImpl.invoke0(Native Method)
  sun.reflect.NativeMethodAccessorImpl.invoke(NativeMethodAccessorImpl.java:39)
  sun.reflect.DelegatingMethodAccessorImpl.invoke(DelegatingMethodAccessorImpl.java:25)
  java.lang.reflect.Method.invoke(Method.java:597)
  org.testng.internal.MethodHelper.invokeMethod(MethodHelper.java:580)
  org.testng.internal.Invoker.invokeConfigurationMethod(Invoker.java:398)
  org.testng.internal.Invoker.invokeConfigurations(Invoker.java:145)
  org.testng.internal.Invoker.invokeMethod(Invoker.java:427)
  org.testng.internal.Invoker.invokeTestMethod(Invoker.java:617)
  org.testng.internal.Invoker.invokeTestMethods(Invoker.java:885)
  org.testng.internal.TestMethodWorker.invokeTestMethods(TestMethodWorker.java:126)
  org.testng.internal.TestMethodWorker.run(TestMethodWorker.java:110)
  org.testng.TestRunner.runWorkers(TestRunner.java:712)
  org.testng.TestRunner.privateRun(TestRunner.java:582)
  org.testng.TestRunner.run(TestRunner.java:477)
  org.testng.SuiteRunner.runTest(SuiteRunner.java:324)
  org.testng.SuiteRunner.runSequentially(SuiteRunner.java:319)
  org.testng.SuiteRunner.privateRun(SuiteRunner.java:292)
  org.testng.SuiteRunner.run(SuiteRunner.java:198)
  org.testng.TestNG.createAndRunSuiteRunners(TestNG.java:823)
  org.testng.TestNG.runSuitesLocally(TestNG.java:790)
  org.testng.TestNG.run(TestNG.java:708)
  org.testng.TestNG.privateMain(TestNG.java:860)
  org.testng.TestNG.main(TestNG.java:833)
]]>
      </failure>

          </testcase>
      <testcase name="cleanUp" time="0.000">
            <failure type="java.lang.AssertionError"
                  message="expected:&lt;true&gt; but was:&lt;false&gt;"
              >
<![CDATA[java.lang.AssertionError: expected:<true> but was:<false>
  org.testng.Assert.fail(Assert.java:84)
  org.testng.Assert.failNotEquals(Assert.java:438)
  org.testng.Assert.assertTrue(Assert.java:32)
  org.testng.Assert.assertTrue(Assert.java:42)
  com.aol.functest.mobileweb.std.common.MobileWeb.mobileWebBaseState(MobileWeb.java:122)
  com.aol.functest.mobileweb.std.test.MobileWebTestStdAuthenticate.cleanUp(MobileWebTestStdAuthenticate.java:38)
  sun.reflect.NativeMethodAccessorImpl.invoke0(Native Method)
  sun.reflect.NativeMethodAccessorImpl.invoke(NativeMethodAccessorImpl.java:39)
  sun.reflect.DelegatingMethodAccessorImpl.invoke(DelegatingMethodAccessorImpl.java:25)
  java.lang.reflect.Method.invoke(Method.java:597)
  org.testng.internal.MethodHelper.invokeMethod(MethodHelper.java:580)
  org.testng.internal.Invoker.invokeConfigurationMethod(Invoker.java:398)
  org.testng.internal.Invoker.invokeConfigurations(Invoker.java:145)
  org.testng.internal.Invoker.invokeConfigurations(Invoker.java:82)
  org.testng.internal.TestMethodWorker.invokeAfterClassMethods(TestMethodWorker.java:210)
  org.testng.internal.TestMethodWorker.run(TestMethodWorker.java:113)
  org.testng.TestRunner.runWorkers(TestRunner.java:712)
  org.testng.TestRunner.privateRun(TestRunner.java:582)
  org.testng.TestRunner.run(TestRunner.java:477)
  org.testng.SuiteRunner.runTest(SuiteRunner.java:324)
  org.testng.SuiteRunner.runSequentially(SuiteRunner.java:319)
  org.testng.SuiteRunner.privateRun(SuiteRunner.java:292)
  org.testng.SuiteRunner.run(SuiteRunner.java:198)
  org.testng.TestNG.createAndRunSuiteRunners(TestNG.java:823)
  org.testng.TestNG.runSuitesLocally(TestNG.java:790)
  org.testng.TestNG.run(TestNG.java:708)
  org.testng.TestNG.privateMain(TestNG.java:860)
  org.testng.TestNG.main(TestNG.java:833)
]]>
      </failure>

          </testcase>
  
      <testcase name="TC_VerifySearchFormPageRecentLocationStd_Authenticate" time="0.0">
      <skipped />
    </testcase>
      <testcase name="TC_VerifyMapFormPageUIStd_Authenticate" time="0.0">
      <skipped />
    </testcase>
      <testcase name="TC_VerifySavedAndRecentFormPageUIObjectStd_Authenticate" time="0.0">
      <skipped />
    </testcase>
      <testcase name="TC_VerifyFindBusinessNearbyFunctionalitymappage_Authenticate" time="0.0">
      <skipped />
    </testcase>
      <testcase name="TC_VerifyGetDirectionToHeremapspage_Authenticate" time="0.0">
      <skipped />
    </testcase>
      <testcase name="TC_VerifySearchResultsSearchFormPageStd_Authenticate" time="0.0">
      <skipped />
    </testcase>
      <testcase name="TC_VerifyDirectionResultPageUIStd_Authenticate" time="0.0">
      <skipped />
    </testcase>
      <testcase name="TC_NearALocationStdUI_Authenticate" time="0.0">
      <skipped />
    </testcase>
      <testcase name="TC_VerifySearchFormPageStdUIObject_Authenticate" time="0.0">
      <skipped />
    </testcase>
      <testcase name="TC_VerifyChangeRouteOptionsFunctionality_Authenticate" time="0.0">
      <skipped />
    </testcase>
      <testcase name="TC_VerifyMapTraffic_Authenticate" time="0.0">
      <skipped />
    </testcase>
      <testcase name="TC_VerifyBusinessSearchfromGeodiffPageStd_Authenticate" time="0.0">
      <skipped />
    </testcase>
      <testcase name="TC_VerifyFindBizNearbymapspage_Authenticate" time="0.0">
      <skipped />
    </testcase>
      <testcase name="TC_VerifyViewTrafficFunctionality_Authenticate" time="0.0">
      <skipped />
    </testcase>
      <testcase name="TC_VerifyDirectionsTraffic_Authenticate" time="0.0">
      <skipped />
    </testcase>
      <testcase name="TC_VerifyDirectionFormAmbiguityPageStd_Authenticate" time="0.0">
      <skipped />
    </testcase>
      <testcase name="authenticate1" time="0.0">
      <skipped />
    </testcase>
      <testcase name="TC_VerifyFindBusinessNearbyFunctionality_Authenticate" time="0.0">
      <skipped />
    </testcase>
      <testcase name="TC_VerifyRouteOptionsPageUIStd_Authenticate" time="0.0">
      <skipped />
    </testcase>
      <testcase name="TC_VerifyMapFormpageRecentLocationStd_Authenticate" time="0.0">
      <skipped />
    </testcase>
      <testcase name="TC_VerifyBusinessSearchfromAmbiguityPageStd_Authenticate" time="0.0">
      <skipped />
    </testcase>
      <testcase name="TC_VerifyDirectionFormPageRecentLocationStd_Authenticate" time="0.0">
      <skipped />
    </testcase>
      <testcase name="TC_VerifyDirectionSearchAmbiguityAndGeodiffStd_Authenticate" time="0.0">
      <skipped />
    </testcase>
      <testcase name="TC_VerifyMapSearchformGeoDiffPageStd_Authenticate" time="0.0">
      <skipped />
    </testcase>
      <testcase name="TC_VerifyDirectionFormGeoDiffPageStd_Authenticate" time="0.0">
      <skipped />
    </testcase>
      <testcase name="TC_VerifySearchResultsSearchByCategoryStd_Authenticate" time="0.0">
      <skipped />
    </testcase>
      <testcase name="TC_VerifyMapFormAmbiguityPageStd_Authenticate" time="0.0">
      <skipped />
    </testcase>
      <testcase name="TC_VerifyDirectionspageStdwithstartlocation_Authenticate" time="0.0">
      <skipped />
    </testcase>
      <testcase name="TC_VerifyCategorySearchFormPageUIObject_Authenticate" time="0.0">
      <skipped />
    </testcase>
      <testcase name="TC_VerifySearchTraffic_Authenticate" time="0.0">
      <skipped />
    </testcase>
      <testcase name="TC_VerifySearchFormAmbiguityPageStd_Authenticate" time="0.0">
      <skipped />
    </testcase>
      <testcase name="TC_VerifySearchFormGeoDiffPageStd_Authenticate" time="0.0">
      <skipped />
    </testcase>
      <testcase name="TC_VerifyDirectionspagewithoutlocation_Authenticate" time="0.0">
      <skipped />
    </testcase>
      <testcase name="TC_VerifyDirResultPageMapObjectStd_Authenticate" time="0.0">
      <skipped />
    </testcase>
      <testcase name="TC_VerifyMapResultPageUIStd_Authenticate" time="0.0">
      <skipped />
    </testcase>
      <testcase name="TC_VerifyMapFormGeoDiffPageStd_Authenticate" time="0.0">
      <skipped />
    </testcase>
      <testcase name="TC_VerifyGetDirectionFromHeremapspage_Authenticate" time="0.0">
      <skipped />
    </testcase>
      <testcase name="TC_VerifyMapResultPageMapObjectStd_Authenticate" time="0.0">
      <skipped />
    </testcase>
      <testcase name="TC_VerifyDirectionFormPageStdUIObject_Authenticate" time="0.0">
      <skipped />
    </testcase>
      <testcase name="TC_VerifyRefineSearchFormPage_Authenticate" time="0.0">
      <skipped />
    </testcase>
      <testcase name="TC_VerifyRefineSearchResultPage_Authenticate" time="0.0">
      <skipped />
    </testcase>
      <testcase name="TC_VerifyMapSearchfromAmbiguityPageStd_Authenticate" time="0.0">
      <skipped />
    </testcase>
  
  
</testsuite>
